Product version: 6.60.0.20265
2017-07-24 07:32:19.895 INFO  [461] [ck::VMP_MUT_ParseZonesProtectionData@145] 2 zones info structures received
2017-07-24 07:32:22.132 INFO  [461] [ckbkp::CKSnapshot::ParseAttributes@152] SNAPSHOT_ID S:79F0B2AE-90AB-4D81-ADE7-4550CA001FB5
2017-07-24 07:32:23.136 INFO  [461] [bkpmgr::Device::DownloadCommon@393] Start downloading of NEW backup type to /tmp/1073/1588; categories mask = 4645
2017-07-24 07:32:27.204 INFO  [461] [ckbkp::CKBackupDownloadProxyObserver::OnDownloadingStarted@68] Snapshots count: 3; backup size (0 for categories download): 0
2017-07-24 07:32:27.337 INFO  [461] [ckbkp::CKSnapshot::GetManifests@41] Start obtaining of manifests of snapshot# S:79F0B2AE-90AB-4D81-ADE7-4550CA001FB5
2017-07-24 07:32:31.176 WARN  [461] [ckbkp::CKFile::InitFileEncryptionKey@302] Encryption key is empty for file "WirelessDomain/Library/Preferences/com.apple.CommCenter.counts.plist"
2017-07-24 07:32:31.177 WARN  [461] [ckbkp::CKFile::InitFileEncryptionKey@302] Encryption key is empty for file "WirelessDomain/Library/Preferences/com.apple.commcenter.callservices.plist"
2017-07-24 07:32:31.178 WARN  [461] [ckbkp::CKFile::InitFileEncryptionKey@302] Encryption key is empty for file "WirelessDomain/Library/Databases/CellularUsage.db"
2017-07-24 07:32:31.179 WARN  [461] [ckbkp::CKFile::InitFileEncryptionKey@302] Encryption key is empty for file "WirelessDomain/Library/Preferences/com.apple.AppleBasebandManager.Statistics.plist"
2017-07-24 07:32:31.179 WARN  [461] [ckbkp::CKFile::InitFileEncryptionKey@302] Encryption key is empty for file "WirelessDomain/Library/Preferences/csidata"
2017-07-24 07:32:32.921 WARN  [461] [ckbkp::CKFile::InitFileEncryptionKey@302] Encryption key is empty for file "HomeDomain/Library/Accounts/Accounts3.sqlite"
2017-07-24 07:32:32.922 WARN  [461] [ckbkp::CKFile::InitFileEncryptionKey@302] Encryption key is empty for file "HomeDomain/Library/Cookies/com.apple.itunesstored.2.sqlitedb"
2017-07-24 07:32:32.924 WARN  [461] [ckbkp::CKFile::InitFileEncryptionKey@302] Encryption key is empty for file "HomeDomain/Library/DataAccess/AccountInformation.plist"
2017-07-24 07:32:32.924 WARN  [461] [ckbkp::CKFile::InitFileEncryptionKey@302] Encryption key is empty for file "HomeDomain/Library/FrontBoard/applicationState.db"
2017-07-24 07:32:32.924 WARN  [461] [ckbkp::CKFile::InitFileEncryptionKey@302] Encryption key is empty for file "HomeDomain/Library/Mail/Recents"
2017-07-24 07:32:32.925 WARN  [461] [ckbkp::CKFile::InitFileEncryptionKey@302] Encryption key is empty for file "HomeDomain/Library/Preferences/.GlobalPreferences.plist"
2017-07-24 07:32:32.925 WARN  [461] [ckbkp::CKFile::InitFileEncryptionKey@302] Encryption key is empty for file "HomeDomain/Library/Preferences/com.apple.CoreDuet.plist"
2017-07-24 07:32:32.926 WARN  [461] [ckbkp::CKFile::InitFileEncryptionKey@302] Encryption key is empty for file "HomeDomain/Library/Preferences/com.apple.GEO.plist"
2017-07-24 07:32:32.926 WARN  [461] [ckbkp::CKFile::InitFileEncryptionKey@302] Encryption key is empty for file "HomeDomain/Library/Preferences/com.apple.MobileSMS.plist"
2017-07-24 07:32:32.927 WARN  [461] [ckbkp::CKFile::InitFileEncryptionKey@302] Encryption key is empty for file "HomeDomain/Library/Preferences/com.apple.Preferences.plist"
2017-07-24 07:32:32.927 WARN  [461] [ckbkp::CKFile::InitFileEncryptionKey@302] Encryption key is empty for file "HomeDomain/Library/Preferences/com.apple.aggregated.plist"
2017-07-24 07:32:32.928 WARN  [461] [ckbkp::CKFile::InitFileEncryptionKey@302] Encryption key is empty for file "HomeDomain/Library/Preferences/com.apple.apsd.plist"
2017-07-24 07:32:32.928 WARN  [461] [ckbkp::CKFile::InitFileEncryptionKey@302] Encryption key is empty for file "HomeDomain/Library/Preferences/com.apple.dataaccess.babysitter.plist"
2017-07-24 07:32:32.929 WARN  [461] [ckbkp::CKFile::InitFileEncryptionKey@302] Encryption key is empty for file "HomeDomain/Library/Preferences/com.apple.facetime.bag.plist"
2017-07-24 07:32:32.930 WARN  [461] [ckbkp::CKFile::InitFileEncryptionKey@302] Encryption key is empty for file "HomeDomain/Library/Preferences/com.apple.gamed.plist"
2017-07-24 07:32:32.930 WARN  [461] [ckbkp::CKFile::InitFileEncryptionKey@302] Encryption key is empty for file "HomeDomain/Library/Preferences/com.apple.icloud.findmydeviced.FMIPAccounts.plist"
2017-07-24 07:32:32.931 WARN  [461] [ckbkp::CKFile::InitFileEncryptionKey@302] Encryption key is empty for file "HomeDomain/Library/Preferences/com.apple.identityservices.idstatuscache.plist"
2017-07-24 07:32:32.931 WARN  [461] [ckbkp::CKFile::InitFileEncryptionKey@302] Encryption key is empty for file "HomeDomain/Library/Preferences/com.apple.identityservicesd.plist"
2017-07-24 07:32:32.932 WARN  [461] [ckbkp::CKFile::InitFileEncryptionKey@302] Encryption key is empty for file "HomeDomain/Library/Preferences/com.apple.imessage.bag.plist"
2017-07-24 07:32:32.932 WARN  [461] [ckbkp::CKFile::InitFileEncryptionKey@302] Encryption key is empty for file "HomeDomain/Library/Preferences/com.apple.imservice.ids.iMessage.plist"
2017-07-24 07:32:32.933 WARN  [461] [ckbkp::CKFile::InitFileEncryptionKey@302] Encryption key is empty for file "HomeDomain/Library/Preferences/com.apple.itunesstored.plist"
2017-07-24 07:32:32.933 WARN  [461] [ckbkp::CKFile::InitFileEncryptionKey@302] Encryption key is empty for file "HomeDomain/Library/Preferences/com.apple.medialibrary.plist"
2017-07-24 07:32:32.934 WARN  [461] [ckbkp::CKFile::InitFileEncryptionKey@302] Encryption key is empty for file "HomeDomain/Library/Preferences/com.apple.mobile.ldbackup.plist"
2017-07-24 07:32:32.934 WARN  [461] [ckbkp::CKFile::InitFileEncryptionKey@302] Encryption key is empty for file "HomeDomain/Library/Preferences/com.apple.routined.plist"
2017-07-24 07:32:32.935 WARN  [461] [ckbkp::CKFile::InitFileEncryptionKey@302] Encryption key is empty for file "HomeDomain/Library/Preferences/com.apple.springboard.plist"
2017-07-24 07:32:32.936 WARN  [461] [ckbkp::CKFile::InitFileEncryptionKey@302] Encryption key is empty for file "HomeDomain/Library/SMS/Drafts/Pending/recipients.plist"
2017-07-24 07:32:32.938 WARN  [461] [ckbkp::CKFile::InitFileEncryptionKey@302] Encryption key is empty for file "HomeDomain/Library/BulletinBoard/SectionInfo.plist"
2017-07-24 07:32:32.938 WARN  [461] [ckbkp::CKFile::InitFileEncryptionKey@302] Encryption key is empty for file "HomeDomain/Library/Preferences/com.apple.OTACrashCopier.plist"
2017-07-24 07:32:32.939 WARN  [461] [ckbkp::CKFile::InitFileEncryptionKey@302] Encryption key is empty for file "HomeDomain/Library/Preferences/com.apple.SafariCloudHistoryPushAgent.plist"
2017-07-24 07:32:32.939 WARN  [461] [ckbkp::CKFile::InitFileEncryptionKey@302] Encryption key is empty for file "HomeDomain/Library/Preferences/com.apple.WebUI.plist"
2017-07-24 07:32:32.940 WARN  [461] [ckbkp::CKFile::InitFileEncryptionKey@302] Encryption key is empty for file "HomeDomain/Library/Preferences/com.apple.conference.plist"
2017-07-24 07:32:32.940 WARN  [461] [ckbkp::CKFile::InitFileEncryptionKey@302] Encryption key is empty for file "HomeDomain/Library/Preferences/com.apple.madrid.plist"
2017-07-24 07:32:32.941 WARN  [461] [ckbkp::CKFile::InitFileEncryptionKey@302] Encryption key is empty for file "HomeDomain/Library/Preferences/com.apple.messagesbadgecontroller.plist"
2017-07-24 07:32:32.941 WARN  [461] [ckbkp::CKFile::InitFileEncryptionKey@302] Encryption key is empty for file "HomeDomain/Library/Preferences/com.apple.textInput.keyboardServices.textReplacement.plist"
2017-07-24 07:32:32.944 WARN  [461] [ckbkp::CKFile::InitFileEncryptionKey@302] Encryption key is empty for file "HomeDomain/Library/TCC/TCC.db"
2017-07-24 07:32:32.945 WARN  [461] [ckbkp::CKFile::InitFileEncryptionKey@302] Encryption key is empty for file "HomeDomain/Library/UserConfigurationProfiles/EffectiveUserSettings.plist"
2017-07-24 07:32:32.947 WARN  [461] [ckbkp::CKFile::InitFileEncryptionKey@302] Encryption key is empty for file "HomeDomain/Library/UserConfigurationProfiles/PublicInfo/NamespacedUserSettings.plist"
2017-07-24 07:32:32.947 WARN  [461] [ckbkp::CKFile::InitFileEncryptionKey@302] Encryption key is empty for file "HomeDomain/Library/UserConfigurationProfiles/PublicInfo/PublicEffectiveUserSettings.plist"
2017-07-24 07:32:32.948 WARN  [461] [ckbkp::CKFile::InitFileEncryptionKey@302] Encryption key is empty for file "HomeDomain/Library/UserConfigurationProfiles/UserSettings.plist"
2017-07-24 07:32:32.948 WARN  [461] [ckbkp::CKFile::InitFileEncryptionKey@302] Encryption key is empty for file "HomeDomain/Library/Preferences/UITextInputContextIdentifiers.plist"
2017-07-24 07:32:32.949 WARN  [461] [ckbkp::CKFile::InitFileEncryptionKey@302] Encryption key is empty for file "HomeDomain/Library/Calendar/Extras.db"
2017-07-24 07:32:32.952 WARN  [461] [ckbkp::CKFile::InitFileEncryptionKey@302] Encryption key is empty for file "HomeDomain/Library/DuetExpertCenter/Backups/backup_version"
2017-07-24 07:32:32.953 WARN  [461] [ckbkp::CKFile::InitFileEncryptionKey@302] Encryption key is empty for file "HomeDomain/Library/MusicLibrary/AccountCache.sqlitedb"
2017-07-24 07:32:32.954 WARN  [461] [ckbkp::CKFile::InitFileEncryptionKey@302] Encryption key is empty for file "HomeDomain/Library/Preferences/com.apple.AdLib.plist"
2017-07-24 07:32:32.954 WARN  [461] [ckbkp::CKFile::InitFileEncryptionKey@302] Encryption key is empty for file "HomeDomain/Library/Preferences/com.apple.BTServer.plist"
2017-07-24 07:32:32.955 WARN  [461] [ckbkp::CKFile::InitFileEncryptionKey@302] Encryption key is empty for file "HomeDomain/Library/Preferences/com.apple.EscrowSecurityAlert.plist"
2017-07-24 07:32:32.955 WARN  [461] [ckbkp::CKFile::InitFileEncryptionKey@302] Encryption key is empty for file "HomeDomain/Library/Preferences/com.apple.Radio.plist"
2017-07-24 07:32:32.956 WARN  [461] [ckbkp::CKFile::InitFileEncryptionKey@302] Encryption key is empty for file "HomeDomain/Library/Preferences/com.apple.aggregated.addaily.plist"
2017-07-24 07:32:32.956 WARN  [461] [ckbkp::CKFile::InitFileEncryptionKey@302] Encryption key is empty for file "HomeDomain/Library/Preferences/com.apple.akd.plist"
2017-07-24 07:32:32.957 WARN  [461] [ckbkp::CKFile::InitFileEncryptionKey@302] Encryption key is empty for file "HomeDomain/Library/Preferences/com.apple.appstored.plist"
2017-07-24 07:32:32.957 WARN  [461] [ckbkp::CKFile::InitFileEncryptionKey@302] Encryption key is empty for file "HomeDomain/Library/Preferences/com.apple.bird.plist"
2017-07-24 07:32:32.957 WARN  [461] [ckbkp::CKFile::InitFileEncryptionKey@302] Encryption key is empty for file "HomeDomain/Library/Preferences/com.apple.calaccessd.plist"
2017-07-24 07:32:32.958 WARN  [461] [ckbkp::CKFile::InitFileEncryptionKey@302] Encryption key is empty for file "HomeDomain/Library/Preferences/com.apple.cloud.quota.plist"
2017-07-24 07:32:32.958 WARN  [461] [ckbkp::CKFile::InitFileEncryptionKey@302] Encryption key is empty for file "HomeDomain/Library/Preferences/com.apple.cloudphotod.plist"
2017-07-24 07:32:32.959 WARN  [461] [ckbkp::CKFile::InitFileEncryptionKey@302] Encryption key is empty for file "HomeDomain/Library/Preferences/com.apple.coreduet.complications.pushLimits.plist"
2017-07-24 07:32:32.959 WARN  [461] [ckbkp::CKFile::InitFileEncryptionKey@302] Encryption key is empty for file "HomeDomain/Library/Preferences/com.apple.corerecents.recentsd.plist"
2017-07-24 07:32:32.960 WARN  [461] [ckbkp::CKFile::InitFileEncryptionKey@302] Encryption key is empty for file "HomeDomain/Library/Preferences/com.apple.gamecenter.plist"
2017-07-24 07:32:32.961 WARN  [461] [ckbkp::CKFile::InitFileEncryptionKey@302] Encryption key is empty for file "HomeDomain/Library/Preferences/com.apple.homed.plist"
2017-07-24 07:32:32.961 WARN  [461] [ckbkp::CKFile::InitFileEncryptionKey@302] Encryption key is empty for file "HomeDomain/Library/Preferences/com.apple.homesharing.plist"
2017-07-24 07:32:32.962 WARN  [461] [ckbkp::CKFile::InitFileEncryptionKey@302] Encryption key is empty for file "HomeDomain/Library/Preferences/com.apple.icloud.findmydeviced.plist"
2017-07-24 07:32:32.963 WARN  [461] [ckbkp::CKFile::InitFileEncryptionKey@302] Encryption key is empty for file "HomeDomain/Library/Preferences/com.apple.icloud.fmfd.plist"
2017-07-24 07:32:32.964 WARN  [461] [ckbkp::CKFile::InitFileEncryptionKey@302] Encryption key is empty for file "HomeDomain/Library/Preferences/com.apple.ids.deviceproperties.plist"
2017-07-24 07:32:32.965 WARN  [461] [ckbkp::CKFile::InitFileEncryptionKey@302] Encryption key is empty for file "HomeDomain/Library/Preferences/com.apple.kbd.plist"
2017-07-24 07:32:32.965 WARN  [461] [ckbkp::CKFile::InitFileEncryptionKey@302] Encryption key is empty for file "HomeDomain/Library/Preferences/com.apple.mobile.ldpair.plist"
2017-07-24 07:32:32.966 WARN  [461] [ckbkp::CKFile::InitFileEncryptionKey@302] Encryption key is empty for file "HomeDomain/Library/Preferences/com.apple.mobilecal.plist"
2017-07-24 07:32:32.966 WARN  [461] [ckbkp::CKFile::InitFileEncryptionKey@302] Encryption key is empty for file "HomeDomain/Library/Preferences/com.apple.mobilenotes.plist"
2017-07-24 07:32:32.967 WARN  [461] [ckbkp::CKFile::InitFileEncryptionKey@302] Encryption key is empty for file "HomeDomain/Library/Preferences/com.apple.mobileslideshow.plist"
2017-07-24 07:32:32.967 WARN  [461] [ckbkp::CKFile::InitFileEncryptionKey@302] Encryption key is empty for file "HomeDomain/Library/Preferences/com.apple.osanalytics.addaily.plist"
2017-07-24 07:32:32.968 WARN  [461] [ckbkp::CKFile::InitFileEncryptionKey@302] Encryption key is empty for file "HomeDomain/Library/Preferences/com.apple.security.CircleJoinRequested.plist"
2017-07-24 07:32:32.968 WARN  [461] [ckbkp::CKFile::InitFileEncryptionKey@302] Encryption key is empty for file "HomeDomain/Library/Preferences/com.apple.storebookkeeper.plist"
2017-07-24 07:32:32.970 WARN  [461] [ckbkp::CKFile::InitFileEncryptionKey@302] Encryption key is empty for file "HomeDomain/Library/UserConfigurationProfiles/ClientTruth.plist"
2017-07-24 07:32:32.971 WARN  [461] [ckbkp::CKFile::InitFileEncryptionKey@302] Encryption key is empty for file "HomeDomain/Library/UserConfigurationProfiles/PublicInfo/Truth.plist"
2017-07-24 07:32:32.972 WARN  [461] [ckbkp::CKFile::InitFileEncryptionKey@302] Encryption key is empty for file "HomeDomain/Library/com.apple.itunesstored/itunesstored_private.sqlitedb"
2017-07-24 07:32:32.972 WARN  [461] [ckbkp::CKFile::InitFileEncryptionKey@302] Encryption key is empty for file "HomeDomain/Library/com.apple.itunesstored/kvs.sqlitedb"
2017-07-24 07:32:32.973 WARN  [461] [ckbkp::CKFile::InitFileEncryptionKey@302] Encryption key is empty for file "HomeDomain/Library/Preferences/com.apple.PeoplePicker.plist"
2017-07-24 07:32:32.973 WARN  [461] [ckbkp::CKFile::InitFileEncryptionKey@302] Encryption key is empty for file "HomeDomain/Library/Preferences/com.apple.MobileAddressBook.plist"
2017-07-24 07:32:32.974 WARN  [461] [ckbkp::CKFile::InitFileEncryptionKey@302] Encryption key is empty for file "HomeDomain/Library/Preferences/com.apple.imservice.ids.FaceTime.plist"
2017-07-24 07:32:32.975 WARN  [461] [ckbkp::CKFile::InitFileEncryptionKey@302] Encryption key is empty for file "HomeDomain/Library/Cookies/Cookies.binarycookies"
2017-07-24 07:32:32.976 WARN  [461] [ckbkp::CKFile::InitFileEncryptionKey@302] Encryption key is empty for file "HomeDomain/Library/Preferences/com.apple.MobileSMS.CKDNDList.plist"
2017-07-24 07:32:32.976 WARN  [461] [ckbkp::CKFile::InitFileEncryptionKey@302] Encryption key is empty for file "HomeDomain/Library/Preferences/com.apple.messages.plist"
2017-07-24 07:32:32.977 WARN  [461] [ckbkp::CKFile::InitFileEncryptionKey@302] Encryption key is empty for file "HomeDomain/Library/Preferences/com.apple.mobilestoresettings.plist"
2017-07-24 07:32:32.977 WARN  [461] [ckbkp::CKFile::InitFileEncryptionKey@302] Encryption key is empty for file "HomeDomain/Library/Preferences/com.apple.Duet.plist"
2017-07-24 07:32:32.977 WARN  [461] [ckbkp::CKFile::InitFileEncryptionKey@302] Encryption key is empty for file "HomeDomain/Library/Preferences/com.apple.locationd.plist"
2017-07-24 07:32:32.978 WARN  [461] [ckbkp::CKFile::InitFileEncryptionKey@302] Encryption key is empty for file "HomeDomain/Library/BulletinBoard/BehaviorOverrides.plist"
2017-07-24 07:32:32.979 WARN  [461] [ckbkp::CKFile::InitFileEncryptionKey@302] Encryption key is empty for file "HomeDomain/Library/BulletinBoard/ClearedSections.plist"
2017-07-24 07:32:32.979 WARN  [461] [ckbkp::CKFile::InitFileEncryptionKey@302] Encryption key is empty for file "HomeDomain/Library/BulletinBoard/SectionOrder.plist"
2017-07-24 07:32:32.981 WARN  [461] [ckbkp::CKFile::InitFileEncryptionKey@302] Encryption key is empty for file "HomeDomain/Library/CallHistoryDB/com.apple.callhistory.databaseInfo.plist"
2017-07-24 07:32:32.982 WARN  [461] [ckbkp::CKFile::InitFileEncryptionKey@302] Encryption key is empty for file "HomeDomain/Library/Preferences/com.apple.Accessibility.Collection.plist"
2017-07-24 07:32:32.983 WARN  [461] [ckbkp::CKFile::InitFileEncryptionKey@302] Encryption key is empty for file "HomeDomain/Library/Preferences/com.apple.Accessibility.SwitchControl.plist"
2017-07-24 07:32:32.983 WARN  [461] [ckbkp::CKFile::InitFileEncryptionKey@302] Encryption key is empty for file "HomeDomain/Library/Preferences/com.apple.Accessibility.plist"
2017-07-24 07:32:32.984 WARN  [461] [ckbkp::CKFile::InitFileEncryptionKey@302] Encryption key is empty for file "HomeDomain/Library/Preferences/com.apple.AdSheetPhone.plist"
2017-07-24 07:32:32.984 WARN  [461] [ckbkp::CKFile::InitFileEncryptionKey@302] Encryption key is empty for file "HomeDomain/Library/Preferences/com.apple.AssistiveTouch.plist"
2017-07-24 07:32:32.985 WARN  [461] [ckbkp::CKFile::InitFileEncryptionKey@302] Encryption key is empty for file "HomeDomain/Library/Preferences/com.apple.EmojiCache.plist"
2017-07-24 07:32:32.985 WARN  [461] [ckbkp::CKFile::InitFileEncryptionKey@302] Encryption key is empty for file "HomeDomain/Library/Preferences/com.apple.Maps.TransitWidget.plist"
2017-07-24 07:32:32.986 WARN  [461] [ckbkp::CKFile::InitFileEncryptionKey@302] Encryption key is empty for file "HomeDomain/Library/Preferences/com.apple.MapsSupport.plist"
2017-07-24 07:32:32.986 WARN  [461] [ckbkp::CKFile::InitFileEncryptionKey@302] Encryption key is empty for file "HomeDomain/Library/Preferences/com.apple.MultitouchSupport.crashReporter.plist"
2017-07-24 07:32:32.987 WARN  [461] [ckbkp::CKFile::InitFileEncryptionKey@302] Encryption key is empty for file "HomeDomain/Library/Preferences/com.apple.SharedWebCredentials.plist"
2017-07-24 07:32:32.988 WARN  [461] [ckbkp::CKFile::InitFileEncryptionKey@302] Encryption key is empty for file "HomeDomain/Library/Preferences/com.apple.SpeakSelection.plist"
2017-07-24 07:32:32.988 WARN  [461] [ckbkp::CKFile::InitFileEncryptionKey@302] Encryption key is empty for file "HomeDomain/Library/Preferences/com.apple.SpringBoard.plist"
2017-07-24 07:32:32.988 WARN  [461] [ckbkp::CKFile::InitFileEncryptionKey@302] Encryption key is empty for file "HomeDomain/Library/Preferences/com.apple.TTY.plist"
2017-07-24 07:32:32.989 WARN  [461] [ckbkp::CKFile::InitFileEncryptionKey@302] Encryption key is empty for file "HomeDomain/Library/Preferences/com.apple.TelephonyUtilities.plist"
2017-07-24 07:32:32.989 WARN  [461] [ckbkp::CKFile::InitFileEncryptionKey@302] Encryption key is empty for file "HomeDomain/Library/Preferences/com.apple.accounts.dom.plist"
2017-07-24 07:32:32.990 WARN  [461] [ckbkp::CKFile::InitFileEncryptionKey@302] Encryption key is empty for file "HomeDomain/Library/Preferences/com.apple.accountsd.plist"
2017-07-24 07:32:32.990 WARN  [461] [ckbkp::CKFile::InitFileEncryptionKey@302] Encryption key is empty for file "HomeDomain/Library/Preferences/com.apple.airplay.plist"
2017-07-24 07:32:32.991 WARN  [461] [ckbkp::CKFile::InitFileEncryptionKey@302] Encryption key is empty for file "HomeDomain/Library/Preferences/com.apple.bulletinboard.plist"
2017-07-24 07:32:32.991 WARN  [461] [ckbkp::CKFile::InitFileEncryptionKey@302] Encryption key is empty for file "HomeDomain/Library/Preferences/com.apple.cache_delete.plist"
2017-07-24 07:32:32.992 WARN  [461] [ckbkp::CKFile::InitFileEncryptionKey@302] Encryption key is empty for file "HomeDomain/Library/Preferences/com.apple.calculateframework.plist"
2017-07-24 07:32:32.993 WARN  [461] [ckbkp::CKFile::InitFileEncryptionKey@302] Encryption key is empty for file "HomeDomain/Library/Preferences/com.apple.celestial.plist"
2017-07-24 07:32:32.994 WARN  [461] [ckbkp::CKFile::InitFileEncryptionKey@302] Encryption key is empty for file "HomeDomain/Library/Preferences/com.apple.cmfsyncagent.plist"
2017-07-24 07:32:32.995 WARN  [461] [ckbkp::CKFile::InitFileEncryptionKey@302] Encryption key is empty for file "HomeDomain/Library/Preferences/com.apple.dataaccess.dataaccessd.plist"
2017-07-24 07:32:32.996 WARN  [461] [ckbkp::CKFile::InitFileEncryptionKey@302] Encryption key is empty for file "HomeDomain/Library/Preferences/com.apple.iaptransportd.plist"
2017-07-24 07:32:32.997 WARN  [461] [ckbkp::CKFile::InitFileEncryptionKey@302] Encryption key is empty for file "HomeDomain/Library/Preferences/com.apple.icloud.fmflocatord.plist"
2017-07-24 07:32:32.998 WARN  [461] [ckbkp::CKFile::InitFileEncryptionKey@302] Encryption key is empty for file "HomeDomain/Library/Preferences/com.apple.ids.service.com.apple.ess.plist"
2017-07-24 07:32:32.999 WARN  [461] [ckbkp::CKFile::InitFileEncryptionKey@302] Encryption key is empty for file "HomeDomain/Library/Preferences/com.apple.ids.service.com.apple.private.alloy.accessibility.switchcontrol.plist"
2017-07-24 07:32:32.999 WARN  [461] [ckbkp::CKFile::InitFileEncryptionKey@302] Encryption key is empty for file "HomeDomain/Library/Preferences/com.apple.ids.service.com.apple.private.alloy.anisette.plist"
2017-07-24 07:32:33.000 WARN  [461] [ckbkp::CKFile::InitFileEncryptionKey@302] Encryption key is empty for file "HomeDomain/Library/Preferences/com.apple.ids.service.com.apple.private.alloy.avconference.avctester.plist"
2017-07-24 07:32:33.001 WARN  [461] [ckbkp::CKFile::InitFileEncryptionKey@302] Encryption key is empty for file "HomeDomain/Library/Preferences/com.apple.ids.service.com.apple.private.alloy.avconference.icloud.plist"
2017-07-24 07:32:33.001 WARN  [461] [ckbkp::CKFile::InitFileEncryptionKey@302] Encryption key is empty for file "HomeDomain/Library/Preferences/com.apple.ids.service.com.apple.private.alloy.bulletinboard.plist"
2017-07-24 07:32:33.002 WARN  [461] [ckbkp::CKFile::InitFileEncryptionKey@302] Encryption key is empty for file "HomeDomain/Library/Preferences/com.apple.ids.service.com.apple.private.alloy.continuity.activity.plist"
2017-07-24 07:32:33.003 WARN  [461] [ckbkp::CKFile::InitFileEncryptionKey@302] Encryption key is empty for file "HomeDomain/Library/Preferences/com.apple.ids.service.com.apple.private.alloy.continuity.encryption.plist"
2017-07-24 07:32:33.003 WARN  [461] [ckbkp::CKFile::InitFileEncryptionKey@302] Encryption key is empty for file "HomeDomain/Library/Preferences/com.apple.ids.service.com.apple.private.alloy.continuity.tethering.plist"
2017-07-24 07:32:33.004 WARN  [461] [ckbkp::CKFile::InitFileEncryptionKey@302] Encryption key is empty for file "HomeDomain/Library/Preferences/com.apple.ids.service.com.apple.private.alloy.continuity.unlock.plist"
2017-07-24 07:32:33.004 WARN  [461] [ckbkp::CKFile::InitFileEncryptionKey@302] Encryption key is empty for file "HomeDomain/Library/Preferences/com.apple.ids.service.com.apple.private.alloy.ct.baseband.p2p.notification.plist"
2017-07-24 07:32:33.005 WARN  [461] [ckbkp::CKFile::InitFileEncryptionKey@302] Encryption key is empty for file "HomeDomain/Library/Preferences/com.apple.ids.service.com.apple.private.alloy.electrictouch.plist"
2017-07-24 07:32:33.005 WARN  [461] [ckbkp::CKFile::InitFileEncryptionKey@302] Encryption key is empty for file "HomeDomain/Library/Preferences/com.apple.ids.service.com.apple.private.alloy.fmf.plist"
2017-07-24 07:32:33.006 WARN  [461] [ckbkp::CKFile::InitFileEncryptionKey@302] Encryption key is empty for file "HomeDomain/Library/Preferences/com.apple.ids.service.com.apple.private.alloy.gamecenter.plist"
2017-07-24 07:32:33.006 WARN  [461] [ckbkp::CKFile::InitFileEncryptionKey@302] Encryption key is empty for file "HomeDomain/Library/Preferences/com.apple.ids.service.com.apple.private.alloy.icloudpairing.plist"
2017-07-24 07:32:33.007 WARN  [461] [ckbkp::CKFile::InitFileEncryptionKey@302] Encryption key is empty for file "HomeDomain/Library/Preferences/com.apple.ids.service.com.apple.private.alloy.ids.cloudmessaging.plist"
2017-07-24 07:32:33.007 WARN  [461] [ckbkp::CKFile::InitFileEncryptionKey@302] Encryption key is empty for file "HomeDomain/Library/Preferences/com.apple.ids.service.com.apple.private.alloy.keychainsync.plist"
2017-07-24 07:32:33.008 WARN  [461] [ckbkp::CKFile::InitFileEncryptionKey@302] Encryption key is empty for file "HomeDomain/Library/Preferences/com.apple.ids.service.com.apple.private.alloy.location.stream.plist"
2017-07-24 07:32:33.008 WARN  [461] [ckbkp::CKFile::InitFileEncryptionKey@302] Encryption key is empty for file "HomeDomain/Library/Preferences/com.apple.ids.service.com.apple.private.alloy.maps.plist"
2017-07-24 07:32:33.009 WARN  [461] [ckbkp::CKFile::InitFileEncryptionKey@302] Encryption key is empty for file "HomeDomain/Library/Preferences/com.apple.ids.service.com.apple.private.alloy.multiplex1.plist"
2017-07-24 07:32:33.009 WARN  [461] [ckbkp::CKFile::InitFileEncryptionKey@302] Encryption key is empty for file "HomeDomain/Library/Preferences/com.apple.ids.service.com.apple.private.alloy.nearby.plist"
2017-07-24 07:32:33.010 WARN  [461] [ckbkp::CKFile::InitFileEncryptionKey@302] Encryption key is empty for file "HomeDomain/Library/Preferences/com.apple.ids.service.com.apple.private.alloy.pcskey.sync.plist"
2017-07-24 07:32:33.010 WARN  [461] [ckbkp::CKFile::InitFileEncryptionKey@302] Encryption key is empty for file "HomeDomain/Library/Preferences/com.apple.ids.service.com.apple.private.alloy.phone.auth.plist"
2017-07-24 07:32:33.011 WARN  [461] [ckbkp::CKFile::InitFileEncryptionKey@302] Encryption key is empty for file "HomeDomain/Library/Preferences/com.apple.ids.service.com.apple.private.alloy.phonecontinuity.plist"
2017-07-24 07:32:33.011 WARN  [461] [ckbkp::CKFile::InitFileEncryptionKey@302] Encryption key is empty for file "HomeDomain/Library/Preferences/com.apple.ids.service.com.apple.private.alloy.photostream.plist"
2017-07-24 07:32:33.012 WARN  [461] [ckbkp::CKFile::InitFileEncryptionKey@302] Encryption key is empty for file "HomeDomain/Library/Preferences/com.apple.ids.service.com.apple.private.alloy.routine.plist"
2017-07-24 07:32:33.012 WARN  [461] [ckbkp::CKFile::InitFileEncryptionKey@302] Encryption key is empty for file "HomeDomain/Library/Preferences/com.apple.ids.service.com.apple.private.alloy.safeview.plist"
2017-07-24 07:32:33.013 WARN  [461] [ckbkp::CKFile::InitFileEncryptionKey@302] Encryption key is empty for file "HomeDomain/Library/Preferences/com.apple.ids.service.com.apple.private.alloy.sms.plist"
2017-07-24 07:32:33.013 WARN  [461] [ckbkp::CKFile::InitFileEncryptionKey@302] Encryption key is empty for file "HomeDomain/Library/Preferences/com.apple.ids.service.com.apple.private.alloy.thumper.keys.plist"
2017-07-24 07:32:33.014 WARN  [461] [ckbkp::CKFile::InitFileEncryptionKey@302] Encryption key is empty for file "HomeDomain/Library/Preferences/com.apple.ids.service.com.apple.private.alloy.wifivelocity.plist"
2017-07-24 07:32:33.014 WARN  [461] [ckbkp::CKFile::InitFileEncryptionKey@302] Encryption key is empty for file "HomeDomain/Library/Preferences/com.apple.ids.service.com.apple.private.alloy.willow.plist"
2017-07-24 07:32:33.015 WARN  [461] [ckbkp::CKFile::InitFileEncryptionKey@302] Encryption key is empty for file "HomeDomain/Library/Preferences/com.apple.ids.service.com.apple.private.alloy.willow.stream.plist"
2017-07-24 07:32:33.019 WARN  [461] [ckbkp::CKFile::InitFileEncryptionKey@302] Encryption key is empty for file "HomeDomain/Library/Preferences/com.apple.imdsmsrecordstore.plist"
2017-07-24 07:32:33.020 WARN  [461] [ckbkp::CKFile::InitFileEncryptionKey@302] Encryption key is empty for file "HomeDomain/Library/Preferences/com.apple.imservice.SMS.plist"
2017-07-24 07:32:33.021 WARN  [461] [ckbkp::CKFile::InitFileEncryptionKey@302] Encryption key is empty for file "HomeDomain/Library/Preferences/com.apple.keyboard.plist"
2017-07-24 07:32:33.021 WARN  [461] [ckbkp::CKFile::InitFileEncryptionKey@302] Encryption key is empty for file "HomeDomain/Library/Preferences/com.apple.languageassetd.plist"
2017-07-24 07:32:33.022 WARN  [461] [ckbkp::CKFile::InitFileEncryptionKey@302] Encryption key is empty for file "HomeDomain/Library/Preferences/com.apple.mediaremote.plist"
2017-07-24 07:32:33.022 WARN  [461] [ckbkp::CKFile::InitFileEncryptionKey@302] Encryption key is empty for file "HomeDomain/Library/Preferences/com.apple.migrationpluginwrapper.plist"
2017-07-24 07:32:33.023 WARN  [461] [ckbkp::CKFile::InitFileEncryptionKey@302] Encryption key is empty for file "HomeDomain/Library/Preferences/com.apple.mobileipod.plist"
2017-07-24 07:32:33.023 WARN  [461] [ckbkp::CKFile::InitFileEncryptionKey@302] Encryption key is empty for file "HomeDomain/Library/Preferences/com.apple.parsecd.plist"
2017-07-24 07:32:33.024 WARN  [461] [ckbkp::CKFile::InitFileEncryptionKey@302] Encryption key is empty for file "HomeDomain/Library/Preferences/com.apple.purplebuddy.plist"
2017-07-24 07:32:33.024 WARN  [461] [ckbkp::CKFile::InitFileEncryptionKey@302] Encryption key is empty for file "HomeDomain/Library/Preferences/com.apple.searchd.plist"
2017-07-24 07:32:33.025 WARN  [461] [ckbkp::CKFile::InitFileEncryptionKey@302] Encryption key is empty for file "HomeDomain/Library/Preferences/com.apple.sharingd.plist"
2017-07-24 07:32:33.026 WARN  [461] [ckbkp::CKFile::InitFileEncryptionKey@302] Encryption key is empty for file "HomeDomain/Library/Preferences/com.apple.softwareupdateservices.security.plist"
2017-07-24 07:32:33.026 WARN  [461] [ckbkp::CKFile::InitFileEncryptionKey@302] Encryption key is empty for file "HomeDomain/Library/Preferences/com.apple.softwareupdateservices.ui.ios.plist"
2017-07-24 07:32:33.027 WARN  [461] [ckbkp::CKFile::InitFileEncryptionKey@302] Encryption key is empty for file "HomeDomain/Library/Preferences/com.apple.storebookkeeperd.plist"
2017-07-24 07:32:33.027 WARN  [461] [ckbkp::CKFile::InitFileEncryptionKey@302] Encryption key is empty for file "HomeDomain/Library/Preferences/com.apple.tipsd.plist"
2017-07-24 07:32:33.028 WARN  [461] [ckbkp::CKFile::InitFileEncryptionKey@302] Encryption key is empty for file "HomeDomain/Library/Preferences/com.apple.tv.plist"
2017-07-24 07:32:33.028 WARN  [461] [ckbkp::CKFile::InitFileEncryptionKey@302] Encryption key is empty for file "HomeDomain/Library/SpringBoard/IconState.plist"
2017-07-24 07:32:33.029 WARN  [461] [ckbkp::CKFile::InitFileEncryptionKey@302] Encryption key is empty for file "HomeDomain/Library/SpringBoard/LockBackgroundThumbnail.jpg"
2017-07-24 07:32:33.029 WARN  [461] [ckbkp::CKFile::InitFileEncryptionKey@302] Encryption key is empty for file "HomeDomain/Library/UserConfigurationProfiles/PayloadDependency.plist"
2017-07-24 07:32:33.030 WARN  [461] [ckbkp::CKFile::InitFileEncryptionKey@302] Encryption key is empty for file "HomeDomain/Library/UserConfigurationProfiles/PayloadManifest.plist"
2017-07-24 07:32:33.031 WARN  [461] [ckbkp::CKFile::InitFileEncryptionKey@302] Encryption key is empty for file "HomeDomain/Library/UserConfigurationProfiles/ProfileTruth.plist"
2017-07-24 07:32:33.032 WARN  [461] [ckbkp::CKFile::InitFileEncryptionKey@302] Encryption key is empty for file "HomeDomain/Library/UserConfigurationProfiles/PublicInfo/MCMeta.plist"
2017-07-24 07:32:33.032 WARN  [461] [ckbkp::CKFile::InitFileEncryptionKey@302] Encryption key is empty for file "HomeDomain/Library/com.apple.itunesstored/itunesstored2.sqlitedb"
2017-07-24 07:32:33.034 WARN  [461] [ckbkp::CKFile::InitFileEncryptionKey@302] Encryption key is empty for file "HomeDomain/Library/com.apple.itunesstored/play_activity.sqlitedb"
2017-07-24 07:32:33.034 WARN  [461] [ckbkp::CKFile::InitFileEncryptionKey@302] Encryption key is empty for file "HomeDomain/Library/com.apple.itunesstored/updates.sqlitedb"
2017-07-24 07:32:33.904 INFO  [461] [ckbkp::CKBackupDownloadProxyObserver::OnSnapshotDownloadingStarted@81] Snapshot #0; manifests count = 2
2017-07-24 07:32:35.404 WARN  [461] [ckbkp::CKFile::InitFileEncryptionKey@302] Encryption key is empty for file "WirelessDomain/Library/Preferences/com.apple.CommCenter.counts.plist"
2017-07-24 07:32:35.405 WARN  [461] [ckbkp::CKFile::InitFileEncryptionKey@302] Encryption key is empty for file "WirelessDomain/Library/Preferences/com.apple.commcenter.callservices.plist"
2017-07-24 07:32:35.406 WARN  [461] [ckbkp::CKFile::InitFileEncryptionKey@302] Encryption key is empty for file "WirelessDomain/Library/Databases/CellularUsage.db"
2017-07-24 07:32:35.406 WARN  [461] [ckbkp::CKFile::InitFileEncryptionKey@302] Encryption key is empty for file "WirelessDomain/Library/Preferences/com.apple.AppleBasebandManager.Statistics.plist"
2017-07-24 07:32:35.407 WARN  [461] [ckbkp::CKFile::InitFileEncryptionKey@302] Encryption key is empty for file "WirelessDomain/Library/Preferences/csidata"
2017-07-24 07:32:37.024 WARN  [461] [ckbkp::CKFile::InitFileEncryptionKey@302] Encryption key is empty for file "HomeDomain/Library/Accounts/Accounts3.sqlite"
2017-07-24 07:32:37.025 WARN  [461] [ckbkp::CKFile::InitFileEncryptionKey@302] Encryption key is empty for file "HomeDomain/Library/Cookies/com.apple.itunesstored.2.sqlitedb"
2017-07-24 07:32:37.026 WARN  [461] [ckbkp::CKFile::InitFileEncryptionKey@302] Encryption key is empty for file "HomeDomain/Library/DataAccess/AccountInformation.plist"
2017-07-24 07:32:37.027 WARN  [461] [ckbkp::CKFile::InitFileEncryptionKey@302] Encryption key is empty for file "HomeDomain/Library/FrontBoard/applicationState.db"
2017-07-24 07:32:37.027 WARN  [461] [ckbkp::CKFile::InitFileEncryptionKey@302] Encryption key is empty for file "HomeDomain/Library/Mail/Recents"
2017-07-24 07:32:37.027 WARN  [461] [ckbkp::CKFile::InitFileEncryptionKey@302] Encryption key is empty for file "HomeDomain/Library/Preferences/.GlobalPreferences.plist"
2017-07-24 07:32:37.028 WARN  [461] [ckbkp::CKFile::InitFileEncryptionKey@302] Encryption key is empty for file "HomeDomain/Library/Preferences/com.apple.CoreDuet.plist"
2017-07-24 07:32:37.028 WARN  [461] [ckbkp::CKFile::InitFileEncryptionKey@302] Encryption key is empty for file "HomeDomain/Library/Preferences/com.apple.GEO.plist"
2017-07-24 07:32:37.029 WARN  [461] [ckbkp::CKFile::InitFileEncryptionKey@302] Encryption key is empty for file "HomeDomain/Library/Preferences/com.apple.MobileSMS.plist"
2017-07-24 07:32:37.029 WARN  [461] [ckbkp::CKFile::InitFileEncryptionKey@302] Encryption key is empty for file "HomeDomain/Library/Preferences/com.apple.Preferences.plist"
2017-07-24 07:32:37.030 WARN  [461] [ckbkp::CKFile::InitFileEncryptionKey@302] Encryption key is empty for file "HomeDomain/Library/Preferences/com.apple.aggregated.plist"
2017-07-24 07:32:37.030 WARN  [461] [ckbkp::CKFile::InitFileEncryptionKey@302] Encryption key is empty for file "HomeDomain/Library/Preferences/com.apple.apsd.plist"
2017-07-24 07:32:37.031 WARN  [461] [ckbkp::CKFile::InitFileEncryptionKey@302] Encryption key is empty for file "HomeDomain/Library/Preferences/com.apple.dataaccess.babysitter.plist"
2017-07-24 07:32:37.031 WARN  [461] [ckbkp::CKFile::InitFileEncryptionKey@302] Encryption key is empty for file "HomeDomain/Library/Preferences/com.apple.facetime.bag.plist"
2017-07-24 07:32:37.032 WARN  [461] [ckbkp::CKFile::InitFileEncryptionKey@302] Encryption key is empty for file "HomeDomain/Library/Preferences/com.apple.gamed.plist"
2017-07-24 07:32:37.032 WARN  [461] [ckbkp::CKFile::InitFileEncryptionKey@302] Encryption key is empty for file "HomeDomain/Library/Preferences/com.apple.icloud.findmydeviced.FMIPAccounts.plist"
2017-07-24 07:32:37.033 WARN  [461] [ckbkp::CKFile::InitFileEncryptionKey@302] Encryption key is empty for file "HomeDomain/Library/Preferences/com.apple.identityservices.idstatuscache.plist"
2017-07-24 07:32:37.033 WARN  [461] [ckbkp::CKFile::InitFileEncryptionKey@302] Encryption key is empty for file "HomeDomain/Library/Preferences/com.apple.identityservicesd.plist"
2017-07-24 07:32:37.034 WARN  [461] [ckbkp::CKFile::InitFileEncryptionKey@302] Encryption key is empty for file "HomeDomain/Library/Preferences/com.apple.imessage.bag.plist"
2017-07-24 07:32:37.034 WARN  [461] [ckbkp::CKFile::InitFileEncryptionKey@302] Encryption key is empty for file "HomeDomain/Library/Preferences/com.apple.imservice.ids.iMessage.plist"
2017-07-24 07:32:37.035 WARN  [461] [ckbkp::CKFile::InitFileEncryptionKey@302] Encryption key is empty for file "HomeDomain/Library/Preferences/com.apple.itunesstored.plist"
2017-07-24 07:32:37.035 WARN  [461] [ckbkp::CKFile::InitFileEncryptionKey@302] Encryption key is empty for file "HomeDomain/Library/Preferences/com.apple.medialibrary.plist"
2017-07-24 07:32:37.036 WARN  [461] [ckbkp::CKFile::InitFileEncryptionKey@302] Encryption key is empty for file "HomeDomain/Library/Preferences/com.apple.mobile.ldbackup.plist"
2017-07-24 07:32:37.036 WARN  [461] [ckbkp::CKFile::InitFileEncryptionKey@302] Encryption key is empty for file "HomeDomain/Library/Preferences/com.apple.routined.plist"
2017-07-24 07:32:37.037 WARN  [461] [ckbkp::CKFile::InitFileEncryptionKey@302] Encryption key is empty for file "HomeDomain/Library/Preferences/com.apple.springboard.plist"
2017-07-24 07:32:37.038 WARN  [461] [ckbkp::CKFile::InitFileEncryptionKey@302] Encryption key is empty for file "HomeDomain/Library/SMS/Drafts/Pending/recipients.plist"
2017-07-24 07:32:37.040 WARN  [461] [ckbkp::CKFile::InitFileEncryptionKey@302] Encryption key is empty for file "HomeDomain/Library/BulletinBoard/SectionInfo.plist"
2017-07-24 07:32:37.040 WARN  [461] [ckbkp::CKFile::InitFileEncryptionKey@302] Encryption key is empty for file "HomeDomain/Library/Preferences/com.apple.OTACrashCopier.plist"
2017-07-24 07:32:37.041 WARN  [461] [ckbkp::CKFile::InitFileEncryptionKey@302] Encryption key is empty for file "HomeDomain/Library/Preferences/com.apple.SafariCloudHistoryPushAgent.plist"
2017-07-24 07:32:37.042 WARN  [461] [ckbkp::CKFile::InitFileEncryptionKey@302] Encryption key is empty for file "HomeDomain/Library/Preferences/com.apple.WebUI.plist"
2017-07-24 07:32:37.042 WARN  [461] [ckbkp::CKFile::InitFileEncryptionKey@302] Encryption key is empty for file "HomeDomain/Library/Preferences/com.apple.conference.plist"
2017-07-24 07:32:37.043 WARN  [461] [ckbkp::CKFile::InitFileEncryptionKey@302] Encryption key is empty for file "HomeDomain/Library/Preferences/com.apple.madrid.plist"
2017-07-24 07:32:37.043 WARN  [461] [ckbkp::CKFile::InitFileEncryptionKey@302] Encryption key is empty for file "HomeDomain/Library/Preferences/com.apple.messagesbadgecontroller.plist"
2017-07-24 07:32:37.044 WARN  [461] [ckbkp::CKFile::InitFileEncryptionKey@302] Encryption key is empty for file "HomeDomain/Library/Preferences/com.apple.textInput.keyboardServices.textReplacement.plist"
2017-07-24 07:32:37.045 WARN  [461] [ckbkp::CKFile::InitFileEncryptionKey@302] Encryption key is empty for file "HomeDomain/Library/TCC/TCC.db"
2017-07-24 07:32:37.046 WARN  [461] [ckbkp::CKFile::InitFileEncryptionKey@302] Encryption key is empty for file "HomeDomain/Library/UserConfigurationProfiles/EffectiveUserSettings.plist"
2017-07-24 07:32:37.047 WARN  [461] [ckbkp::CKFile::InitFileEncryptionKey@302] Encryption key is empty for file "HomeDomain/Library/UserConfigurationProfiles/PublicInfo/NamespacedUserSettings.plist"
2017-07-24 07:32:37.047 WARN  [461] [ckbkp::CKFile::InitFileEncryptionKey@302] Encryption key is empty for file "HomeDomain/Library/UserConfigurationProfiles/PublicInfo/PublicEffectiveUserSettings.plist"
2017-07-24 07:32:37.048 WARN  [461] [ckbkp::CKFile::InitFileEncryptionKey@302] Encryption key is empty for file "HomeDomain/Library/UserConfigurationProfiles/UserSettings.plist"
2017-07-24 07:32:37.048 WARN  [461] [ckbkp::CKFile::InitFileEncryptionKey@302] Encryption key is empty for file "HomeDomain/Library/Preferences/UITextInputContextIdentifiers.plist"
2017-07-24 07:32:37.049 WARN  [461] [ckbkp::CKFile::InitFileEncryptionKey@302] Encryption key is empty for file "HomeDomain/Library/Calendar/Extras.db"
2017-07-24 07:32:37.053 WARN  [461] [ckbkp::CKFile::InitFileEncryptionKey@302] Encryption key is empty for file "HomeDomain/Library/DuetExpertCenter/Backups/backup_version"
2017-07-24 07:32:37.055 WARN  [461] [ckbkp::CKFile::InitFileEncryptionKey@302] Encryption key is empty for file "HomeDomain/Library/MusicLibrary/AccountCache.sqlitedb"
2017-07-24 07:32:37.056 WARN  [461] [ckbkp::CKFile::InitFileEncryptionKey@302] Encryption key is empty for file "HomeDomain/Library/Preferences/com.apple.AdLib.plist"
2017-07-24 07:32:37.056 WARN  [461] [ckbkp::CKFile::InitFileEncryptionKey@302] Encryption key is empty for file "HomeDomain/Library/Preferences/com.apple.BTServer.plist"
2017-07-24 07:32:37.057 WARN  [461] [ckbkp::CKFile::InitFileEncryptionKey@302] Encryption key is empty for file "HomeDomain/Library/Preferences/com.apple.EscrowSecurityAlert.plist"
2017-07-24 07:32:37.058 WARN  [461] [ckbkp::CKFile::InitFileEncryptionKey@302] Encryption key is empty for file "HomeDomain/Library/Preferences/com.apple.Radio.plist"
2017-07-24 07:32:37.058 WARN  [461] [ckbkp::CKFile::InitFileEncryptionKey@302] Encryption key is empty for file "HomeDomain/Library/Preferences/com.apple.aggregated.addaily.plist"
2017-07-24 07:32:37.059 WARN  [461] [ckbkp::CKFile::InitFileEncryptionKey@302] Encryption key is empty for file "HomeDomain/Library/Preferences/com.apple.akd.plist"
2017-07-24 07:32:37.060 WARN  [461] [ckbkp::CKFile::InitFileEncryptionKey@302] Encryption key is empty for file "HomeDomain/Library/Preferences/com.apple.appstored.plist"
2017-07-24 07:32:37.060 WARN  [461] [ckbkp::CKFile::InitFileEncryptionKey@302] Encryption key is empty for file "HomeDomain/Library/Preferences/com.apple.bird.plist"
2017-07-24 07:32:37.061 WARN  [461] [ckbkp::CKFile::InitFileEncryptionKey@302] Encryption key is empty for file "HomeDomain/Library/Preferences/com.apple.calaccessd.plist"
2017-07-24 07:32:37.061 WARN  [461] [ckbkp::CKFile::InitFileEncryptionKey@302] Encryption key is empty for file "HomeDomain/Library/Preferences/com.apple.cloud.quota.plist"
2017-07-24 07:32:37.062 WARN  [461] [ckbkp::CKFile::InitFileEncryptionKey@302] Encryption key is empty for file "HomeDomain/Library/Preferences/com.apple.cloudphotod.plist"
2017-07-24 07:32:37.062 WARN  [461] [ckbkp::CKFile::InitFileEncryptionKey@302] Encryption key is empty for file "HomeDomain/Library/Preferences/com.apple.coreduet.complications.pushLimits.plist"
2017-07-24 07:32:37.063 WARN  [461] [ckbkp::CKFile::InitFileEncryptionKey@302] Encryption key is empty for file "HomeDomain/Library/Preferences/com.apple.corerecents.recentsd.plist"
2017-07-24 07:32:37.063 WARN  [461] [ckbkp::CKFile::InitFileEncryptionKey@302] Encryption key is empty for file "HomeDomain/Library/Preferences/com.apple.gamecenter.plist"
2017-07-24 07:32:37.064 WARN  [461] [ckbkp::CKFile::InitFileEncryptionKey@302] Encryption key is empty for file "HomeDomain/Library/Preferences/com.apple.homed.plist"
2017-07-24 07:32:37.064 WARN  [461] [ckbkp::CKFile::InitFileEncryptionKey@302] Encryption key is empty for file "HomeDomain/Library/Preferences/com.apple.homesharing.plist"
2017-07-24 07:32:37.065 WARN  [461] [ckbkp::CKFile::InitFileEncryptionKey@302] Encryption key is empty for file "HomeDomain/Library/Preferences/com.apple.icloud.findmydeviced.plist"
2017-07-24 07:32:37.066 WARN  [461] [ckbkp::CKFile::InitFileEncryptionKey@302] Encryption key is empty for file "HomeDomain/Library/Preferences/com.apple.icloud.fmfd.plist"
2017-07-24 07:32:37.066 WARN  [461] [ckbkp::CKFile::InitFileEncryptionKey@302] Encryption key is empty for file "HomeDomain/Library/Preferences/com.apple.ids.deviceproperties.plist"
2017-07-24 07:32:37.066 WARN  [461] [ckbkp::CKFile::InitFileEncryptionKey@302] Encryption key is empty for file "HomeDomain/Library/Preferences/com.apple.kbd.plist"
2017-07-24 07:32:37.067 WARN  [461] [ckbkp::CKFile::InitFileEncryptionKey@302] Encryption key is empty for file "HomeDomain/Library/Preferences/com.apple.mobile.ldpair.plist"
2017-07-24 07:32:37.067 WARN  [461] [ckbkp::CKFile::InitFileEncryptionKey@302] Encryption key is empty for file "HomeDomain/Library/Preferences/com.apple.mobilecal.plist"
2017-07-24 07:32:37.068 WARN  [461] [ckbkp::CKFile::InitFileEncryptionKey@302] Encryption key is empty for file "HomeDomain/Library/Preferences/com.apple.mobilenotes.plist"
2017-07-24 07:32:37.068 WARN  [461] [ckbkp::CKFile::InitFileEncryptionKey@302] Encryption key is empty for file "HomeDomain/Library/Preferences/com.apple.mobileslideshow.plist"
2017-07-24 07:32:37.070 WARN  [461] [ckbkp::CKFile::InitFileEncryptionKey@302] Encryption key is empty for file "HomeDomain/Library/Preferences/com.apple.osanalytics.addaily.plist"
2017-07-24 07:32:37.070 WARN  [461] [ckbkp::CKFile::InitFileEncryptionKey@302] Encryption key is empty for file "HomeDomain/Library/Preferences/com.apple.security.CircleJoinRequested.plist"
2017-07-24 07:32:37.071 WARN  [461] [ckbkp::CKFile::InitFileEncryptionKey@302] Encryption key is empty for file "HomeDomain/Library/Preferences/com.apple.storebookkeeper.plist"
2017-07-24 07:32:37.073 WARN  [461] [ckbkp::CKFile::InitFileEncryptionKey@302] Encryption key is empty for file "HomeDomain/Library/UserConfigurationProfiles/ClientTruth.plist"
2017-07-24 07:32:37.073 WARN  [461] [ckbkp::CKFile::InitFileEncryptionKey@302] Encryption key is empty for file "HomeDomain/Library/UserConfigurationProfiles/PublicInfo/Truth.plist"
2017-07-24 07:32:37.074 WARN  [461] [ckbkp::CKFile::InitFileEncryptionKey@302] Encryption key is empty for file "HomeDomain/Library/com.apple.itunesstored/itunesstored_private.sqlitedb"
2017-07-24 07:32:37.075 WARN  [461] [ckbkp::CKFile::InitFileEncryptionKey@302] Encryption key is empty for file "HomeDomain/Library/com.apple.itunesstored/kvs.sqlitedb"
2017-07-24 07:32:37.075 WARN  [461] [ckbkp::CKFile::InitFileEncryptionKey@302] Encryption key is empty for file "HomeDomain/Library/Preferences/com.apple.PeoplePicker.plist"
2017-07-24 07:32:37.076 WARN  [461] [ckbkp::CKFile::InitFileEncryptionKey@302] Encryption key is empty for file "HomeDomain/Library/Preferences/com.apple.MobileAddressBook.plist"
2017-07-24 07:32:37.076 WARN  [461] [ckbkp::CKFile::InitFileEncryptionKey@302] Encryption key is empty for file "HomeDomain/Library/Preferences/com.apple.imservice.ids.FaceTime.plist"
2017-07-24 07:32:37.077 WARN  [461] [ckbkp::CKFile::InitFileEncryptionKey@302] Encryption key is empty for file "HomeDomain/Library/Cookies/Cookies.binarycookies"
2017-07-24 07:32:37.078 WARN  [461] [ckbkp::CKFile::InitFileEncryptionKey@302] Encryption key is empty for file "HomeDomain/Library/Preferences/com.apple.MobileSMS.CKDNDList.plist"
2017-07-24 07:32:37.078 WARN  [461] [ckbkp::CKFile::InitFileEncryptionKey@302] Encryption key is empty for file "HomeDomain/Library/Preferences/com.apple.messages.plist"
2017-07-24 07:32:37.079 WARN  [461] [ckbkp::CKFile::InitFileEncryptionKey@302] Encryption key is empty for file "HomeDomain/Library/Preferences/com.apple.mobilestoresettings.plist"
2017-07-24 07:32:37.079 WARN  [461] [ckbkp::CKFile::InitFileEncryptionKey@302] Encryption key is empty for file "HomeDomain/Library/Preferences/com.apple.Duet.plist"
2017-07-24 07:32:37.080 WARN  [461] [ckbkp::CKFile::InitFileEncryptionKey@302] Encryption key is empty for file "HomeDomain/Library/Preferences/com.apple.locationd.plist"
2017-07-24 07:32:37.080 WARN  [461] [ckbkp::CKFile::InitFileEncryptionKey@302] Encryption key is empty for file "HomeDomain/Library/BulletinBoard/BehaviorOverrides.plist"
2017-07-24 07:32:37.081 WARN  [461] [ckbkp::CKFile::InitFileEncryptionKey@302] Encryption key is empty for file "HomeDomain/Library/BulletinBoard/ClearedSections.plist"
2017-07-24 07:32:37.081 WARN  [461] [ckbkp::CKFile::InitFileEncryptionKey@302] Encryption key is empty for file "HomeDomain/Library/BulletinBoard/SectionOrder.plist"
2017-07-24 07:32:37.083 WARN  [461] [ckbkp::CKFile::InitFileEncryptionKey@302] Encryption key is empty for file "HomeDomain/Library/CallHistoryDB/com.apple.callhistory.databaseInfo.plist"
2017-07-24 07:32:37.084 WARN  [461] [ckbkp::CKFile::InitFileEncryptionKey@302] Encryption key is empty for file "HomeDomain/Library/Preferences/com.apple.Accessibility.Collection.plist"
2017-07-24 07:32:37.085 WARN  [461] [ckbkp::CKFile::InitFileEncryptionKey@302] Encryption key is empty for file "HomeDomain/Library/Preferences/com.apple.Accessibility.SwitchControl.plist"
2017-07-24 07:32:37.085 WARN  [461] [ckbkp::CKFile::InitFileEncryptionKey@302] Encryption key is empty for file "HomeDomain/Library/Preferences/com.apple.Accessibility.plist"
2017-07-24 07:32:37.086 WARN  [461] [ckbkp::CKFile::InitFileEncryptionKey@302] Encryption key is empty for file "HomeDomain/Library/Preferences/com.apple.AdSheetPhone.plist"
2017-07-24 07:32:37.086 WARN  [461] [ckbkp::CKFile::InitFileEncryptionKey@302] Encryption key is empty for file "HomeDomain/Library/Preferences/com.apple.AssistiveTouch.plist"
2017-07-24 07:32:37.087 WARN  [461] [ckbkp::CKFile::InitFileEncryptionKey@302] Encryption key is empty for file "HomeDomain/Library/Preferences/com.apple.EmojiCache.plist"
2017-07-24 07:32:37.087 WARN  [461] [ckbkp::CKFile::InitFileEncryptionKey@302] Encryption key is empty for file "HomeDomain/Library/Preferences/com.apple.Maps.TransitWidget.plist"
2017-07-24 07:32:37.088 WARN  [461] [ckbkp::CKFile::InitFileEncryptionKey@302] Encryption key is empty for file "HomeDomain/Library/Preferences/com.apple.MapsSupport.plist"
2017-07-24 07:32:37.088 WARN  [461] [ckbkp::CKFile::InitFileEncryptionKey@302] Encryption key is empty for file "HomeDomain/Library/Preferences/com.apple.MultitouchSupport.crashReporter.plist"
2017-07-24 07:32:37.089 WARN  [461] [ckbkp::CKFile::InitFileEncryptionKey@302] Encryption key is empty for file "HomeDomain/Library/Preferences/com.apple.SharedWebCredentials.plist"
2017-07-24 07:32:37.089 WARN  [461] [ckbkp::CKFile::InitFileEncryptionKey@302] Encryption key is empty for file "HomeDomain/Library/Preferences/com.apple.SpeakSelection.plist"
2017-07-24 07:32:37.090 WARN  [461] [ckbkp::CKFile::InitFileEncryptionKey@302] Encryption key is empty for file "HomeDomain/Library/Preferences/com.apple.SpringBoard.plist"
2017-07-24 07:32:37.090 WARN  [461] [ckbkp::CKFile::InitFileEncryptionKey@302] Encryption key is empty for file "HomeDomain/Library/Preferences/com.apple.TTY.plist"
2017-07-24 07:32:37.091 WARN  [461] [ckbkp::CKFile::InitFileEncryptionKey@302] Encryption key is empty for file "HomeDomain/Library/Preferences/com.apple.TelephonyUtilities.plist"
2017-07-24 07:32:37.091 WARN  [461] [ckbkp::CKFile::InitFileEncryptionKey@302] Encryption key is empty for file "HomeDomain/Library/Preferences/com.apple.accounts.dom.plist"
2017-07-24 07:32:37.091 WARN  [461] [ckbkp::CKFile::InitFileEncryptionKey@302] Encryption key is empty for file "HomeDomain/Library/Preferences/com.apple.accountsd.plist"
2017-07-24 07:32:37.092 WARN  [461] [ckbkp::CKFile::InitFileEncryptionKey@302] Encryption key is empty for file "HomeDomain/Library/Preferences/com.apple.airplay.plist"
2017-07-24 07:32:37.092 WARN  [461] [ckbkp::CKFile::InitFileEncryptionKey@302] Encryption key is empty for file "HomeDomain/Library/Preferences/com.apple.bulletinboard.plist"
2017-07-24 07:32:37.093 WARN  [461] [ckbkp::CKFile::InitFileEncryptionKey@302] Encryption key is empty for file "HomeDomain/Library/Preferences/com.apple.cache_delete.plist"
2017-07-24 07:32:37.094 WARN  [461] [ckbkp::CKFile::InitFileEncryptionKey@302] Encryption key is empty for file "HomeDomain/Library/Preferences/com.apple.calculateframework.plist"
2017-07-24 07:32:37.095 WARN  [461] [ckbkp::CKFile::InitFileEncryptionKey@302] Encryption key is empty for file "HomeDomain/Library/Preferences/com.apple.celestial.plist"
2017-07-24 07:32:37.095 WARN  [461] [ckbkp::CKFile::InitFileEncryptionKey@302] Encryption key is empty for file "HomeDomain/Library/Preferences/com.apple.cmfsyncagent.plist"
2017-07-24 07:32:37.095 WARN  [461] [ckbkp::CKFile::InitFileEncryptionKey@302] Encryption key is empty for file "HomeDomain/Library/Preferences/com.apple.dataaccess.dataaccessd.plist"
2017-07-24 07:32:37.096 WARN  [461] [ckbkp::CKFile::InitFileEncryptionKey@302] Encryption key is empty for file "HomeDomain/Library/Preferences/com.apple.iaptransportd.plist"
2017-07-24 07:32:37.096 WARN  [461] [ckbkp::CKFile::InitFileEncryptionKey@302] Encryption key is empty for file "HomeDomain/Library/Preferences/com.apple.icloud.fmflocatord.plist"
2017-07-24 07:32:37.097 WARN  [461] [ckbkp::CKFile::InitFileEncryptionKey@302] Encryption key is empty for file "HomeDomain/Library/Preferences/com.apple.ids.service.com.apple.ess.plist"
2017-07-24 07:32:37.097 WARN  [461] [ckbkp::CKFile::InitFileEncryptionKey@302] Encryption key is empty for file "HomeDomain/Library/Preferences/com.apple.ids.service.com.apple.private.alloy.accessibility.switchcontrol.plist"
2017-07-24 07:32:37.098 WARN  [461] [ckbkp::CKFile::InitFileEncryptionKey@302] Encryption key is empty for file "HomeDomain/Library/Preferences/com.apple.ids.service.com.apple.private.alloy.anisette.plist"
2017-07-24 07:32:37.098 WARN  [461] [ckbkp::CKFile::InitFileEncryptionKey@302] Encryption key is empty for file "HomeDomain/Library/Preferences/com.apple.ids.service.com.apple.private.alloy.avconference.avctester.plist"
2017-07-24 07:32:37.099 WARN  [461] [ckbkp::CKFile::InitFileEncryptionKey@302] Encryption key is empty for file "HomeDomain/Library/Preferences/com.apple.ids.service.com.apple.private.alloy.avconference.icloud.plist"
2017-07-24 07:32:37.099 WARN  [461] [ckbkp::CKFile::InitFileEncryptionKey@302] Encryption key is empty for file "HomeDomain/Library/Preferences/com.apple.ids.service.com.apple.private.alloy.bulletinboard.plist"
2017-07-24 07:32:37.100 WARN  [461] [ckbkp::CKFile::InitFileEncryptionKey@302] Encryption key is empty for file "HomeDomain/Library/Preferences/com.apple.ids.service.com.apple.private.alloy.continuity.activity.plist"
2017-07-24 07:32:37.100 WARN  [461] [ckbkp::CKFile::InitFileEncryptionKey@302] Encryption key is empty for file "HomeDomain/Library/Preferences/com.apple.ids.service.com.apple.private.alloy.continuity.encryption.plist"
2017-07-24 07:32:37.101 WARN  [461] [ckbkp::CKFile::InitFileEncryptionKey@302] Encryption key is empty for file "HomeDomain/Library/Preferences/com.apple.ids.service.com.apple.private.alloy.continuity.tethering.plist"
2017-07-24 07:32:37.101 WARN  [461] [ckbkp::CKFile::InitFileEncryptionKey@302] Encryption key is empty for file "HomeDomain/Library/Preferences/com.apple.ids.service.com.apple.private.alloy.continuity.unlock.plist"
2017-07-24 07:32:37.102 WARN  [461] [ckbkp::CKFile::InitFileEncryptionKey@302] Encryption key is empty for file "HomeDomain/Library/Preferences/com.apple.ids.service.com.apple.private.alloy.ct.baseband.p2p.notification.plist"
2017-07-24 07:32:37.102 WARN  [461] [ckbkp::CKFile::InitFileEncryptionKey@302] Encryption key is empty for file "HomeDomain/Library/Preferences/com.apple.ids.service.com.apple.private.alloy.electrictouch.plist"
2017-07-24 07:32:37.103 WARN  [461] [ckbkp::CKFile::InitFileEncryptionKey@302] Encryption key is empty for file "HomeDomain/Library/Preferences/com.apple.ids.service.com.apple.private.alloy.fmf.plist"
2017-07-24 07:32:37.103 WARN  [461] [ckbkp::CKFile::InitFileEncryptionKey@302] Encryption key is empty for file "HomeDomain/Library/Preferences/com.apple.ids.service.com.apple.private.alloy.gamecenter.plist"
2017-07-24 07:32:37.104 WARN  [461] [ckbkp::CKFile::InitFileEncryptionKey@302] Encryption key is empty for file "HomeDomain/Library/Preferences/com.apple.ids.service.com.apple.private.alloy.icloudpairing.plist"
2017-07-24 07:32:37.104 WARN  [461] [ckbkp::CKFile::InitFileEncryptionKey@302] Encryption key is empty for file "HomeDomain/Library/Preferences/com.apple.ids.service.com.apple.private.alloy.ids.cloudmessaging.plist"
2017-07-24 07:32:37.105 WARN  [461] [ckbkp::CKFile::InitFileEncryptionKey@302] Encryption key is empty for file "HomeDomain/Library/Preferences/com.apple.ids.service.com.apple.private.alloy.keychainsync.plist"
2017-07-24 07:32:37.105 WARN  [461] [ckbkp::CKFile::InitFileEncryptionKey@302] Encryption key is empty for file "HomeDomain/Library/Preferences/com.apple.ids.service.com.apple.private.alloy.location.stream.plist"
2017-07-24 07:32:37.106 WARN  [461] [ckbkp::CKFile::InitFileEncryptionKey@302] Encryption key is empty for file "HomeDomain/Library/Preferences/com.apple.ids.service.com.apple.private.alloy.maps.plist"
2017-07-24 07:32:37.106 WARN  [461] [ckbkp::CKFile::InitFileEncryptionKey@302] Encryption key is empty for file "HomeDomain/Library/Preferences/com.apple.ids.service.com.apple.private.alloy.multiplex1.plist"
2017-07-24 07:32:37.107 WARN  [461] [ckbkp::CKFile::InitFileEncryptionKey@302] Encryption key is empty for file "HomeDomain/Library/Preferences/com.apple.ids.service.com.apple.private.alloy.nearby.plist"
2017-07-24 07:32:37.107 WARN  [461] [ckbkp::CKFile::InitFileEncryptionKey@302] Encryption key is empty for file "HomeDomain/Library/Preferences/com.apple.ids.service.com.apple.private.alloy.pcskey.sync.plist"
2017-07-24 07:32:37.108 WARN  [461] [ckbkp::CKFile::InitFileEncryptionKey@302] Encryption key is empty for file "HomeDomain/Library/Preferences/com.apple.ids.service.com.apple.private.alloy.phone.auth.plist"
2017-07-24 07:32:37.108 WARN  [461] [ckbkp::CKFile::InitFileEncryptionKey@302] Encryption key is empty for file "HomeDomain/Library/Preferences/com.apple.ids.service.com.apple.private.alloy.phonecontinuity.plist"
2017-07-24 07:32:37.109 WARN  [461] [ckbkp::CKFile::InitFileEncryptionKey@302] Encryption key is empty for file "HomeDomain/Library/Preferences/com.apple.ids.service.com.apple.private.alloy.photostream.plist"
2017-07-24 07:32:37.109 WARN  [461] [ckbkp::CKFile::InitFileEncryptionKey@302] Encryption key is empty for file "HomeDomain/Library/Preferences/com.apple.ids.service.com.apple.private.alloy.routine.plist"
2017-07-24 07:32:37.110 WARN  [461] [ckbkp::CKFile::InitFileEncryptionKey@302] Encryption key is empty for file "HomeDomain/Library/Preferences/com.apple.ids.service.com.apple.private.alloy.safeview.plist"
2017-07-24 07:32:37.110 WARN  [461] [ckbkp::CKFile::InitFileEncryptionKey@302] Encryption key is empty for file "HomeDomain/Library/Preferences/com.apple.ids.service.com.apple.private.alloy.sms.plist"
2017-07-24 07:32:37.111 WARN  [461] [ckbkp::CKFile::InitFileEncryptionKey@302] Encryption key is empty for file "HomeDomain/Library/Preferences/com.apple.ids.service.com.apple.private.alloy.thumper.keys.plist"
2017-07-24 07:32:37.111 WARN  [461] [ckbkp::CKFile::InitFileEncryptionKey@302] Encryption key is empty for file "HomeDomain/Library/Preferences/com.apple.ids.service.com.apple.private.alloy.wifivelocity.plist"
2017-07-24 07:32:37.112 WARN  [461] [ckbkp::CKFile::InitFileEncryptionKey@302] Encryption key is empty for file "HomeDomain/Library/Preferences/com.apple.ids.service.com.apple.private.alloy.willow.plist"
2017-07-24 07:32:37.112 WARN  [461] [ckbkp::CKFile::InitFileEncryptionKey@302] Encryption key is empty for file "HomeDomain/Library/Preferences/com.apple.ids.service.com.apple.private.alloy.willow.stream.plist"
2017-07-24 07:32:37.113 WARN  [461] [ckbkp::CKFile::InitFileEncryptionKey@302] Encryption key is empty for file "HomeDomain/Library/Preferences/com.apple.imdsmsrecordstore.plist"
2017-07-24 07:32:37.113 WARN  [461] [ckbkp::CKFile::InitFileEncryptionKey@302] Encryption key is empty for file "HomeDomain/Library/Preferences/com.apple.imservice.SMS.plist"
2017-07-24 07:32:37.114 WARN  [461] [ckbkp::CKFile::InitFileEncryptionKey@302] Encryption key is empty for file "HomeDomain/Library/Preferences/com.apple.keyboard.plist"
2017-07-24 07:32:37.114 WARN  [461] [ckbkp::CKFile::InitFileEncryptionKey@302] Encryption key is empty for file "HomeDomain/Library/Preferences/com.apple.languageassetd.plist"
2017-07-24 07:32:37.115 WARN  [461] [ckbkp::CKFile::InitFileEncryptionKey@302] Encryption key is empty for file "HomeDomain/Library/Preferences/com.apple.mediaremote.plist"
2017-07-24 07:32:37.115 WARN  [461] [ckbkp::CKFile::InitFileEncryptionKey@302] Encryption key is empty for file "HomeDomain/Library/Preferences/com.apple.migrationpluginwrapper.plist"
2017-07-24 07:32:37.116 WARN  [461] [ckbkp::CKFile::InitFileEncryptionKey@302] Encryption key is empty for file "HomeDomain/Library/Preferences/com.apple.mobileipod.plist"
2017-07-24 07:32:37.116 WARN  [461] [ckbkp::CKFile::InitFileEncryptionKey@302] Encryption key is empty for file "HomeDomain/Library/Preferences/com.apple.parsecd.plist"
2017-07-24 07:32:37.117 WARN  [461] [ckbkp::CKFile::InitFileEncryptionKey@302] Encryption key is empty for file "HomeDomain/Library/Preferences/com.apple.purplebuddy.plist"
2017-07-24 07:32:37.117 WARN  [461] [ckbkp::CKFile::InitFileEncryptionKey@302] Encryption key is empty for file "HomeDomain/Library/Preferences/com.apple.searchd.plist"
2017-07-24 07:32:37.118 WARN  [461] [ckbkp::CKFile::InitFileEncryptionKey@302] Encryption key is empty for file "HomeDomain/Library/Preferences/com.apple.sharingd.plist"
2017-07-24 07:32:37.118 WARN  [461] [ckbkp::CKFile::InitFileEncryptionKey@302] Encryption key is empty for file "HomeDomain/Library/Preferences/com.apple.softwareupdateservices.security.plist"
2017-07-24 07:32:37.118 WARN  [461] [ckbkp::CKFile::InitFileEncryptionKey@302] Encryption key is empty for file "HomeDomain/Library/Preferences/com.apple.softwareupdateservices.ui.ios.plist"
2017-07-24 07:32:37.119 WARN  [461] [ckbkp::CKFile::InitFileEncryptionKey@302] Encryption key is empty for file "HomeDomain/Library/Preferences/com.apple.storebookkeeperd.plist"
2017-07-24 07:32:37.119 WARN  [461] [ckbkp::CKFile::InitFileEncryptionKey@302] Encryption key is empty for file "HomeDomain/Library/Preferences/com.apple.tipsd.plist"
2017-07-24 07:32:37.120 WARN  [461] [ckbkp::CKFile::InitFileEncryptionKey@302] Encryption key is empty for file "HomeDomain/Library/Preferences/com.apple.tv.plist"
2017-07-24 07:32:37.121 WARN  [461] [ckbkp::CKFile::InitFileEncryptionKey@302] Encryption key is empty for file "HomeDomain/Library/SpringBoard/IconState.plist"
2017-07-24 07:32:37.121 WARN  [461] [ckbkp::CKFile::InitFileEncryptionKey@302] Encryption key is empty for file "HomeDomain/Library/SpringBoard/LockBackgroundThumbnail.jpg"
2017-07-24 07:32:37.122 WARN  [461] [ckbkp::CKFile::InitFileEncryptionKey@302] Encryption key is empty for file "HomeDomain/Library/UserConfigurationProfiles/PayloadDependency.plist"
2017-07-24 07:32:37.122 WARN  [461] [ckbkp::CKFile::InitFileEncryptionKey@302] Encryption key is empty for file "HomeDomain/Library/UserConfigurationProfiles/PayloadManifest.plist"
2017-07-24 07:32:37.123 WARN  [461] [ckbkp::CKFile::InitFileEncryptionKey@302] Encryption key is empty for file "HomeDomain/Library/UserConfigurationProfiles/ProfileTruth.plist"
2017-07-24 07:32:37.123 WARN  [461] [ckbkp::CKFile::InitFileEncryptionKey@302] Encryption key is empty for file "HomeDomain/Library/UserConfigurationProfiles/PublicInfo/MCMeta.plist"
2017-07-24 07:32:37.124 WARN  [461] [ckbkp::CKFile::InitFileEncryptionKey@302] Encryption key is empty for file "HomeDomain/Library/com.apple.itunesstored/itunesstored2.sqlitedb"
2017-07-24 07:32:37.125 WARN  [461] [ckbkp::CKFile::InitFileEncryptionKey@302] Encryption key is empty for file "HomeDomain/Library/com.apple.itunesstored/play_activity.sqlitedb"
2017-07-24 07:32:37.126 WARN  [461] [ckbkp::CKFile::InitFileEncryptionKey@302] Encryption key is empty for file "HomeDomain/Library/com.apple.itunesstored/updates.sqlitedb"
2017-07-24 07:32:51.261 INFO  [461] [ckbkp::CKSnapshot::GetManifests@41] Start obtaining of manifests of snapshot# S:BCBEC8D4-8A09-48E5-8A40-A861346F7230
2017-07-24 07:32:53.428 WARN  [461] [ckbkp::CKFile::InitFileEncryptionKey@302] Encryption key is empty for file "HomeDomain/Library/Accounts/Accounts3.sqlite"
2017-07-24 07:32:53.430 WARN  [461] [ckbkp::CKFile::InitFileEncryptionKey@302] Encryption key is empty for file "HomeDomain/Library/BulletinBoard/SectionInfo.plist"
2017-07-24 07:32:53.432 WARN  [461] [ckbkp::CKFile::InitFileEncryptionKey@302] Encryption key is empty for file "HomeDomain/Library/Cookies/com.apple.itunesstored.2.sqlitedb"
2017-07-24 07:32:53.433 WARN  [461] [ckbkp::CKFile::InitFileEncryptionKey@302] Encryption key is empty for file "HomeDomain/Library/FrontBoard/applicationState.db"
2017-07-24 07:32:53.434 WARN  [461] [ckbkp::CKFile::InitFileEncryptionKey@302] Encryption key is empty for file "HomeDomain/Library/Preferences/.GlobalPreferences.plist"
2017-07-24 07:32:53.435 WARN  [461] [ckbkp::CKFile::InitFileEncryptionKey@302] Encryption key is empty for file "HomeDomain/Library/Preferences/com.apple.AdLib.plist"
2017-07-24 07:32:53.436 WARN  [461] [ckbkp::CKFile::InitFileEncryptionKey@302] Encryption key is empty for file "HomeDomain/Library/Preferences/com.apple.CoreDuet.plist"
2017-07-24 07:32:53.436 WARN  [461] [ckbkp::CKFile::InitFileEncryptionKey@302] Encryption key is empty for file "HomeDomain/Library/Preferences/com.apple.GEO.plist"
2017-07-24 07:32:53.437 WARN  [461] [ckbkp::CKFile::InitFileEncryptionKey@302] Encryption key is empty for file "HomeDomain/Library/Preferences/com.apple.OTACrashCopier.plist"
2017-07-24 07:32:53.437 WARN  [461] [ckbkp::CKFile::InitFileEncryptionKey@302] Encryption key is empty for file "HomeDomain/Library/Preferences/com.apple.WebUI.plist"
2017-07-24 07:32:53.438 WARN  [461] [ckbkp::CKFile::InitFileEncryptionKey@302] Encryption key is empty for file "HomeDomain/Library/Preferences/com.apple.aggregated.addaily.plist"
2017-07-24 07:32:53.438 WARN  [461] [ckbkp::CKFile::InitFileEncryptionKey@302] Encryption key is empty for file "HomeDomain/Library/Preferences/com.apple.aggregated.plist"
2017-07-24 07:32:53.439 WARN  [461] [ckbkp::CKFile::InitFileEncryptionKey@302] Encryption key is empty for file "HomeDomain/Library/Preferences/com.apple.apsd.plist"
2017-07-24 07:32:53.439 WARN  [461] [ckbkp::CKFile::InitFileEncryptionKey@302] Encryption key is empty for file "HomeDomain/Library/Preferences/com.apple.calaccessd.plist"
2017-07-24 07:32:53.440 WARN  [461] [ckbkp::CKFile::InitFileEncryptionKey@302] Encryption key is empty for file "HomeDomain/Library/Preferences/com.apple.coreduet.complications.pushLimits.plist"
2017-07-24 07:32:53.440 WARN  [461] [ckbkp::CKFile::InitFileEncryptionKey@302] Encryption key is empty for file "HomeDomain/Library/Preferences/com.apple.dataaccess.babysitter.plist"
2017-07-24 07:32:53.441 WARN  [461] [ckbkp::CKFile::InitFileEncryptionKey@302] Encryption key is empty for file "HomeDomain/Library/Preferences/com.apple.homed.plist"
2017-07-24 07:32:53.441 WARN  [461] [ckbkp::CKFile::InitFileEncryptionKey@302] Encryption key is empty for file "HomeDomain/Library/Preferences/com.apple.icloud.fmfd.plist"
2017-07-24 07:32:53.442 WARN  [461] [ckbkp::CKFile::InitFileEncryptionKey@302] Encryption key is empty for file "HomeDomain/Library/Preferences/com.apple.itunesstored.plist"
2017-07-24 07:32:53.442 WARN  [461] [ckbkp::CKFile::InitFileEncryptionKey@302] Encryption key is empty for file "HomeDomain/Library/Preferences/com.apple.mobile.ldbackup.plist"
2017-07-24 07:32:53.443 WARN  [461] [ckbkp::CKFile::InitFileEncryptionKey@302] Encryption key is empty for file "HomeDomain/Library/Preferences/com.apple.osanalytics.addaily.plist"
2017-07-24 07:32:53.443 WARN  [461] [ckbkp::CKFile::InitFileEncryptionKey@302] Encryption key is empty for file "HomeDomain/Library/Preferences/com.apple.routined.plist"
2017-07-24 07:32:53.444 WARN  [461] [ckbkp::CKFile::InitFileEncryptionKey@302] Encryption key is empty for file "HomeDomain/Library/Preferences/com.apple.storebookkeeper.plist"
2017-07-24 07:32:53.445 WARN  [461] [ckbkp::CKFile::InitFileEncryptionKey@302] Encryption key is empty for file "HomeDomain/Library/TCC/TCC.db"
2017-07-24 07:32:53.447 WARN  [461] [ckbkp::CKFile::InitFileEncryptionKey@302] Encryption key is empty for file "HomeDomain/Library/UserConfigurationProfiles/EffectiveUserSettings.plist"
2017-07-24 07:32:53.448 WARN  [461] [ckbkp::CKFile::InitFileEncryptionKey@302] Encryption key is empty for file "HomeDomain/Library/UserConfigurationProfiles/PublicInfo/NamespacedUserSettings.plist"
2017-07-24 07:32:53.448 WARN  [461] [ckbkp::CKFile::InitFileEncryptionKey@302] Encryption key is empty for file "HomeDomain/Library/UserConfigurationProfiles/PublicInfo/PublicEffectiveUserSettings.plist"
2017-07-24 07:32:53.449 WARN  [461] [ckbkp::CKFile::InitFileEncryptionKey@302] Encryption key is empty for file "HomeDomain/Library/UserConfigurationProfiles/UserSettings.plist"
2017-07-24 07:32:53.449 INFO  [461] [ckbkp::CKBackupDownloadProxyObserver::OnSnapshotDownloadingStarted@81] Snapshot #1; manifests count = 1
2017-07-24 07:32:54.356 WARN  [461] [ckbkp::CKFile::InitFileEncryptionKey@302] Encryption key is empty for file "HomeDomain/Library/Accounts/Accounts3.sqlite"
2017-07-24 07:32:54.359 WARN  [461] [ckbkp::CKFile::InitFileEncryptionKey@302] Encryption key is empty for file "HomeDomain/Library/BulletinBoard/SectionInfo.plist"
2017-07-24 07:32:54.360 WARN  [461] [ckbkp::CKFile::InitFileEncryptionKey@302] Encryption key is empty for file "HomeDomain/Library/Cookies/com.apple.itunesstored.2.sqlitedb"
2017-07-24 07:32:54.362 WARN  [461] [ckbkp::CKFile::InitFileEncryptionKey@302] Encryption key is empty for file "HomeDomain/Library/FrontBoard/applicationState.db"
2017-07-24 07:32:54.363 WARN  [461] [ckbkp::CKFile::InitFileEncryptionKey@302] Encryption key is empty for file "HomeDomain/Library/Preferences/.GlobalPreferences.plist"
2017-07-24 07:32:54.363 WARN  [461] [ckbkp::CKFile::InitFileEncryptionKey@302] Encryption key is empty for file "HomeDomain/Library/Preferences/com.apple.AdLib.plist"
2017-07-24 07:32:54.364 WARN  [461] [ckbkp::CKFile::InitFileEncryptionKey@302] Encryption key is empty for file "HomeDomain/Library/Preferences/com.apple.CoreDuet.plist"
2017-07-24 07:32:54.364 WARN  [461] [ckbkp::CKFile::InitFileEncryptionKey@302] Encryption key is empty for file "HomeDomain/Library/Preferences/com.apple.GEO.plist"
2017-07-24 07:32:54.365 WARN  [461] [ckbkp::CKFile::InitFileEncryptionKey@302] Encryption key is empty for file "HomeDomain/Library/Preferences/com.apple.OTACrashCopier.plist"
2017-07-24 07:32:54.365 WARN  [461] [ckbkp::CKFile::InitFileEncryptionKey@302] Encryption key is empty for file "HomeDomain/Library/Preferences/com.apple.WebUI.plist"
2017-07-24 07:32:54.366 WARN  [461] [ckbkp::CKFile::InitFileEncryptionKey@302] Encryption key is empty for file "HomeDomain/Library/Preferences/com.apple.aggregated.addaily.plist"
2017-07-24 07:32:54.367 WARN  [461] [ckbkp::CKFile::InitFileEncryptionKey@302] Encryption key is empty for file "HomeDomain/Library/Preferences/com.apple.aggregated.plist"
2017-07-24 07:32:54.368 WARN  [461] [ckbkp::CKFile::InitFileEncryptionKey@302] Encryption key is empty for file "HomeDomain/Library/Preferences/com.apple.apsd.plist"
2017-07-24 07:32:54.369 WARN  [461] [ckbkp::CKFile::InitFileEncryptionKey@302] Encryption key is empty for file "HomeDomain/Library/Preferences/com.apple.calaccessd.plist"
2017-07-24 07:32:54.370 WARN  [461] [ckbkp::CKFile::InitFileEncryptionKey@302] Encryption key is empty for file "HomeDomain/Library/Preferences/com.apple.coreduet.complications.pushLimits.plist"
2017-07-24 07:32:54.370 WARN  [461] [ckbkp::CKFile::InitFileEncryptionKey@302] Encryption key is empty for file "HomeDomain/Library/Preferences/com.apple.dataaccess.babysitter.plist"
2017-07-24 07:32:54.371 WARN  [461] [ckbkp::CKFile::InitFileEncryptionKey@302] Encryption key is empty for file "HomeDomain/Library/Preferences/com.apple.homed.plist"
2017-07-24 07:32:54.372 WARN  [461] [ckbkp::CKFile::InitFileEncryptionKey@302] Encryption key is empty for file "HomeDomain/Library/Preferences/com.apple.icloud.fmfd.plist"
2017-07-24 07:32:54.373 WARN  [461] [ckbkp::CKFile::InitFileEncryptionKey@302] Encryption key is empty for file "HomeDomain/Library/Preferences/com.apple.itunesstored.plist"
2017-07-24 07:32:54.374 WARN  [461] [ckbkp::CKFile::InitFileEncryptionKey@302] Encryption key is empty for file "HomeDomain/Library/Preferences/com.apple.mobile.ldbackup.plist"
2017-07-24 07:32:54.375 WARN  [461] [ckbkp::CKFile::InitFileEncryptionKey@302] Encryption key is empty for file "HomeDomain/Library/Preferences/com.apple.osanalytics.addaily.plist"
2017-07-24 07:32:54.375 WARN  [461] [ckbkp::CKFile::InitFileEncryptionKey@302] Encryption key is empty for file "HomeDomain/Library/Preferences/com.apple.routined.plist"
2017-07-24 07:32:54.376 WARN  [461] [ckbkp::CKFile::InitFileEncryptionKey@302] Encryption key is empty for file "HomeDomain/Library/Preferences/com.apple.storebookkeeper.plist"
2017-07-24 07:32:54.378 WARN  [461] [ckbkp::CKFile::InitFileEncryptionKey@302] Encryption key is empty for file "HomeDomain/Library/TCC/TCC.db"
2017-07-24 07:32:54.380 WARN  [461] [ckbkp::CKFile::InitFileEncryptionKey@302] Encryption key is empty for file "HomeDomain/Library/UserConfigurationProfiles/EffectiveUserSettings.plist"
2017-07-24 07:32:54.381 WARN  [461] [ckbkp::CKFile::InitFileEncryptionKey@302] Encryption key is empty for file "HomeDomain/Library/UserConfigurationProfiles/PublicInfo/NamespacedUserSettings.plist"
2017-07-24 07:32:54.381 WARN  [461] [ckbkp::CKFile::InitFileEncryptionKey@302] Encryption key is empty for file "HomeDomain/Library/UserConfigurationProfiles/PublicInfo/PublicEffectiveUserSettings.plist"
2017-07-24 07:32:54.382 WARN  [461] [ckbkp::CKFile::InitFileEncryptionKey@302] Encryption key is empty for file "HomeDomain/Library/UserConfigurationProfiles/UserSettings.plist"
2017-07-24 07:32:55.933 INFO  [461] [ckbkp::CKSnapshot::GetManifests@41] Start obtaining of manifests of snapshot# S:4D8617D7-CCDA-47D8-A103-610659774E08
2017-07-24 07:32:57.764 WARN  [461] [ckbkp::CKFile::InitFileEncryptionKey@302] Encryption key is empty for file "HomeDomain/Library/BulletinBoard/SectionInfo.plist"
2017-07-24 07:32:57.766 WARN  [461] [ckbkp::CKFile::InitFileEncryptionKey@302] Encryption key is empty for file "HomeDomain/Library/Preferences/com.apple.CoreDuet.plist"
2017-07-24 07:32:57.766 WARN  [461] [ckbkp::CKFile::InitFileEncryptionKey@302] Encryption key is empty for file "HomeDomain/Library/Preferences/com.apple.GEO.plist"
2017-07-24 07:32:57.767 WARN  [461] [ckbkp::CKFile::InitFileEncryptionKey@302] Encryption key is empty for file "HomeDomain/Library/Preferences/com.apple.OTACrashCopier.plist"
2017-07-24 07:32:57.767 WARN  [461] [ckbkp::CKFile::InitFileEncryptionKey@302] Encryption key is empty for file "HomeDomain/Library/Preferences/com.apple.WebUI.plist"
2017-07-24 07:32:57.768 WARN  [461] [ckbkp::CKFile::InitFileEncryptionKey@302] Encryption key is empty for file "HomeDomain/Library/Preferences/com.apple.aggregated.addaily.plist"
2017-07-24 07:32:57.768 WARN  [461] [ckbkp::CKFile::InitFileEncryptionKey@302] Encryption key is empty for file "HomeDomain/Library/Preferences/com.apple.aggregated.plist"
2017-07-24 07:32:57.769 WARN  [461] [ckbkp::CKFile::InitFileEncryptionKey@302] Encryption key is empty for file "HomeDomain/Library/Preferences/com.apple.apsd.plist"
2017-07-24 07:32:57.770 WARN  [461] [ckbkp::CKFile::InitFileEncryptionKey@302] Encryption key is empty for file "HomeDomain/Library/Preferences/com.apple.calaccessd.plist"
2017-07-24 07:32:57.770 WARN  [461] [ckbkp::CKFile::InitFileEncryptionKey@302] Encryption key is empty for file "HomeDomain/Library/Preferences/com.apple.coreduet.complications.pushLimits.plist"
2017-07-24 07:32:57.771 WARN  [461] [ckbkp::CKFile::InitFileEncryptionKey@302] Encryption key is empty for file "HomeDomain/Library/Preferences/com.apple.dataaccess.babysitter.plist"
2017-07-24 07:32:57.771 WARN  [461] [ckbkp::CKFile::InitFileEncryptionKey@302] Encryption key is empty for file "HomeDomain/Library/Preferences/com.apple.facetime.bag.plist"
2017-07-24 07:32:57.772 WARN  [461] [ckbkp::CKFile::InitFileEncryptionKey@302] Encryption key is empty for file "HomeDomain/Library/Preferences/com.apple.gamed.plist"
2017-07-24 07:32:57.772 WARN  [461] [ckbkp::CKFile::InitFileEncryptionKey@302] Encryption key is empty for file "HomeDomain/Library/Preferences/com.apple.homed.plist"
2017-07-24 07:32:57.773 WARN  [461] [ckbkp::CKFile::InitFileEncryptionKey@302] Encryption key is empty for file "HomeDomain/Library/Preferences/com.apple.identityservices.idstatuscache.plist"
2017-07-24 07:32:57.773 WARN  [461] [ckbkp::CKFile::InitFileEncryptionKey@302] Encryption key is empty for file "HomeDomain/Library/Preferences/com.apple.imessage.bag.plist"
2017-07-24 07:32:57.774 WARN  [461] [ckbkp::CKFile::InitFileEncryptionKey@302] Encryption key is empty for file "HomeDomain/Library/Preferences/com.apple.itunesstored.plist"
2017-07-24 07:32:57.774 WARN  [461] [ckbkp::CKFile::InitFileEncryptionKey@302] Encryption key is empty for file "HomeDomain/Library/Preferences/com.apple.mobile.ldbackup.plist"
2017-07-24 07:32:57.775 WARN  [461] [ckbkp::CKFile::InitFileEncryptionKey@302] Encryption key is empty for file "HomeDomain/Library/Preferences/com.apple.osanalytics.addaily.plist"
2017-07-24 07:32:57.775 WARN  [461] [ckbkp::CKFile::InitFileEncryptionKey@302] Encryption key is empty for file "HomeDomain/Library/Preferences/com.apple.routined.plist"
2017-07-24 07:32:57.776 WARN  [461] [ckbkp::CKFile::InitFileEncryptionKey@302] Encryption key is empty for file "HomeDomain/Library/Preferences/com.apple.storebookkeeper.plist"
2017-07-24 07:32:57.776 WARN  [461] [ckbkp::CKFile::InitFileEncryptionKey@302] Encryption key is empty for file "HomeDomain/Library/Preferences/com.apple.textInput.keyboardServices.textReplacement.plist"
2017-07-24 07:32:57.778 WARN  [461] [ckbkp::CKFile::InitFileEncryptionKey@302] Encryption key is empty for file "HomeDomain/Library/TCC/TCC.db"
2017-07-24 07:32:57.779 WARN  [461] [ckbkp::CKFile::InitFileEncryptionKey@302] Encryption key is empty for file "HomeDomain/Library/UserConfigurationProfiles/EffectiveUserSettings.plist"
2017-07-24 07:32:57.780 WARN  [461] [ckbkp::CKFile::InitFileEncryptionKey@302] Encryption key is empty for file "HomeDomain/Library/UserConfigurationProfiles/PublicInfo/NamespacedUserSettings.plist"
2017-07-24 07:32:57.780 WARN  [461] [ckbkp::CKFile::InitFileEncryptionKey@302] Encryption key is empty for file "HomeDomain/Library/UserConfigurationProfiles/PublicInfo/PublicEffectiveUserSettings.plist"
2017-07-24 07:32:57.781 WARN  [461] [ckbkp::CKFile::InitFileEncryptionKey@302] Encryption key is empty for file "HomeDomain/Library/UserConfigurationProfiles/UserSettings.plist"
2017-07-24 07:32:57.781 INFO  [461] [ckbkp::CKBackupDownloadProxyObserver::OnSnapshotDownloadingStarted@81] Snapshot #2; manifests count = 1
2017-07-24 07:32:59.060 WARN  [461] [ckbkp::CKFile::InitFileEncryptionKey@302] Encryption key is empty for file "HomeDomain/Library/BulletinBoard/SectionInfo.plist"
2017-07-24 07:32:59.062 WARN  [461] [ckbkp::CKFile::InitFileEncryptionKey@302] Encryption key is empty for file "HomeDomain/Library/Preferences/com.apple.CoreDuet.plist"
2017-07-24 07:32:59.062 WARN  [461] [ckbkp::CKFile::InitFileEncryptionKey@302] Encryption key is empty for file "HomeDomain/Library/Preferences/com.apple.GEO.plist"
2017-07-24 07:32:59.063 WARN  [461] [ckbkp::CKFile::InitFileEncryptionKey@302] Encryption key is empty for file "HomeDomain/Library/Preferences/com.apple.OTACrashCopier.plist"
2017-07-24 07:32:59.063 WARN  [461] [ckbkp::CKFile::InitFileEncryptionKey@302] Encryption key is empty for file "HomeDomain/Library/Preferences/com.apple.WebUI.plist"
2017-07-24 07:32:59.064 WARN  [461] [ckbkp::CKFile::InitFileEncryptionKey@302] Encryption key is empty for file "HomeDomain/Library/Preferences/com.apple.aggregated.addaily.plist"
2017-07-24 07:32:59.065 WARN  [461] [ckbkp::CKFile::InitFileEncryptionKey@302] Encryption key is empty for file "HomeDomain/Library/Preferences/com.apple.aggregated.plist"
2017-07-24 07:32:59.065 WARN  [461] [ckbkp::CKFile::InitFileEncryptionKey@302] Encryption key is empty for file "HomeDomain/Library/Preferences/com.apple.apsd.plist"
2017-07-24 07:32:59.066 WARN  [461] [ckbkp::CKFile::InitFileEncryptionKey@302] Encryption key is empty for file "HomeDomain/Library/Preferences/com.apple.calaccessd.plist"
2017-07-24 07:32:59.066 WARN  [461] [ckbkp::CKFile::InitFileEncryptionKey@302] Encryption key is empty for file "HomeDomain/Library/Preferences/com.apple.coreduet.complications.pushLimits.plist"
2017-07-24 07:32:59.067 WARN  [461] [ckbkp::CKFile::InitFileEncryptionKey@302] Encryption key is empty for file "HomeDomain/Library/Preferences/com.apple.dataaccess.babysitter.plist"
2017-07-24 07:32:59.067 WARN  [461] [ckbkp::CKFile::InitFileEncryptionKey@302] Encryption key is empty for file "HomeDomain/Library/Preferences/com.apple.facetime.bag.plist"
2017-07-24 07:32:59.068 WARN  [461] [ckbkp::CKFile::InitFileEncryptionKey@302] Encryption key is empty for file "HomeDomain/Library/Preferences/com.apple.gamed.plist"
2017-07-24 07:32:59.068 WARN  [461] [ckbkp::CKFile::InitFileEncryptionKey@302] Encryption key is empty for file "HomeDomain/Library/Preferences/com.apple.homed.plist"
2017-07-24 07:32:59.069 WARN  [461] [ckbkp::CKFile::InitFileEncryptionKey@302] Encryption key is empty for file "HomeDomain/Library/Preferences/com.apple.identityservices.idstatuscache.plist"
2017-07-24 07:32:59.069 WARN  [461] [ckbkp::CKFile::InitFileEncryptionKey@302] Encryption key is empty for file "HomeDomain/Library/Preferences/com.apple.imessage.bag.plist"
2017-07-24 07:32:59.070 WARN  [461] [ckbkp::CKFile::InitFileEncryptionKey@302] Encryption key is empty for file "HomeDomain/Library/Preferences/com.apple.itunesstored.plist"
2017-07-24 07:32:59.071 WARN  [461] [ckbkp::CKFile::InitFileEncryptionKey@302] Encryption key is empty for file "HomeDomain/Library/Preferences/com.apple.mobile.ldbackup.plist"
2017-07-24 07:32:59.071 WARN  [461] [ckbkp::CKFile::InitFileEncryptionKey@302] Encryption key is empty for file "HomeDomain/Library/Preferences/com.apple.osanalytics.addaily.plist"
2017-07-24 07:32:59.071 WARN  [461] [ckbkp::CKFile::InitFileEncryptionKey@302] Encryption key is empty for file "HomeDomain/Library/Preferences/com.apple.routined.plist"
2017-07-24 07:32:59.072 WARN  [461] [ckbkp::CKFile::InitFileEncryptionKey@302] Encryption key is empty for file "HomeDomain/Library/Preferences/com.apple.storebookkeeper.plist"
2017-07-24 07:32:59.072 WARN  [461] [ckbkp::CKFile::InitFileEncryptionKey@302] Encryption key is empty for file "HomeDomain/Library/Preferences/com.apple.textInput.keyboardServices.textReplacement.plist"
2017-07-24 07:32:59.074 WARN  [461] [ckbkp::CKFile::InitFileEncryptionKey@302] Encryption key is empty for file "HomeDomain/Library/TCC/TCC.db"
2017-07-24 07:32:59.075 WARN  [461] [ckbkp::CKFile::InitFileEncryptionKey@302] Encryption key is empty for file "HomeDomain/Library/UserConfigurationProfiles/EffectiveUserSettings.plist"
2017-07-24 07:32:59.076 WARN  [461] [ckbkp::CKFile::InitFileEncryptionKey@302] Encryption key is empty for file "HomeDomain/Library/UserConfigurationProfiles/PublicInfo/NamespacedUserSettings.plist"
2017-07-24 07:32:59.077 WARN  [461] [ckbkp::CKFile::InitFileEncryptionKey@302] Encryption key is empty for file "HomeDomain/Library/UserConfigurationProfiles/PublicInfo/PublicEffectiveUserSettings.plist"
2017-07-24 07:32:59.077 WARN  [461] [ckbkp::CKFile::InitFileEncryptionKey@302] Encryption key is empty for file "HomeDomain/Library/UserConfigurationProfiles/UserSettings.plist"
2017-07-24 07:33:00.524 ERROR [461] [icloud::GetDeviceBackupByTokenImpl@431] There is no data from the following categories in iCloud backup: Social & Communications partial.
2017-07-24 07:33:00.524 INFO  [461] [LogFunctionResult@8] Function "GetMainBackupDataByTokenEx" returned: 4
